#
# A fatal error has been detected by the Java Runtime Environment:
#
#  Internal Error (jvmciRuntime.cpp:1609), pid=27, tid=42
#  fatal error: Fatal exception in JVMCI: Error calling jdk.vm.ci.services.Services.serializeSavedProperties
#
# JRE version: OpenJDK Runtime Environment GraalVM CE 22.3.0 (17.0.5+8) (build 17.0.5+8-jvmci-22.3-b08)
# Java VM: OpenJDK 64-Bit Server VM GraalVM CE 22.3.0 (17.0.5+8-jvmci-22.3-b08, mixed mode, sharing, tiered, jvmci, jvmci compiler, compressed oops, compressed class ptrs, parallel gc, linux-amd64)
# Problematic frame:
# V  [libjvm.so+0x972714]  JVMCIRuntime::fatal_exception(JVMCIEnv*, char const*)+0x74
#
# Core dump will be written. Default location: Core dumps may be processed with "/usr/share/apport/apport -p%p -s%s -c%c -d%d -P%P -u%u -g%g -- %E" (or dumping to /home/runner/PalatableInsidiousTrees/core.27)
#
# If you would like to submit a bug report, please visit:
#   https://github.com/oracle/graal/issues
#

---------------  S U M M A R Y ------------

Command Line: -XX:ThreadPriorityPolicy=1 -XX:+UnlockExperimentalVMOptions -XX:+EnableJVMCIProduct -XX:JVMCIThreadsPerNativeLibraryRuntime=1 -XX:-UnlockExperimentalVMOptions -Declipse.application=org.eclipse.jdt.ls.core.id1 -Dosgi.bundles.defaultStartLevel=4 -Declipse.product=org.eclipse.jdt.ls.core.product -Dlog.level=ALL -Xverify:none -XX:+UseParallelGC -XX:GCTimeRatio=4 -XX:AdaptiveSizePolicyWeight=90 -Dsun.zip.disableMemoryMapping=true -Xmx512m -Xms100m /nix/store/m6gcpi1ii6rghy04cjwjddcavv7i90df-jdt-language-server-1.9.0/share/java/plugins/org.eclipse.equinox.launcher_1.6.400.v20210924-0641.jar --add-modules=ALL-SYSTEM --add-opens java.base/java.util=ALL-UNNAMED --add-opens java.base/java.lang=ALL-UNNAMED -configuration /home/runner/.cache/jdt-language-server/config -data /home/runner/.cache/jdt-language-server/data/home/runner/PalatableInsidiousTrees

Host: AMD EPYC 7B12, 8 cores, 1G, Ubuntu 20.04.2 LTS
Time: Tue Jan 10 06:48:20 2023 UTC elapsed time: 975.897954 seconds (0d 0h 16m 15s)

---------------  T H R E A D  ---------------

Current thread (0x00007fa0b80b21e0):  JavaThread "JVMCI-native CompilerThread0" daemon [_thread_in_vm, id=42, stack(0x00007fa09e048000,0x00007fa09e248000)]


Current CompileTask:
JVMCI-native: 975898 8623       4       org.eclipse.jdt.internal.core.util.Util::indexOfJavaLikeExtension (112 bytes)

Stack: [0x00007fa09e048000,0x00007fa09e248000],  sp=0x00007fa09e246380,  free space=2040k
Native frames: (J=compiled Java code, j=interpreted, Vv=VM code, C=native code)
V  [libjvm.so+0x972714]  JVMCIRuntime::fatal_exception(JVMCIEnv*, char const*)+0x74
V  [libjvm.so+0x93e2fe]  JVMCIEnv::copy_saved_properties()+0x14e
V  [libjvm.so+0x9732a9]  JVMCIRuntime::initialize(JVMCIEnv*)+0xb19
V  [libjvm.so+0x9738a2]  JVMCIRuntime::get_HotSpotJVMCIRuntime(JVMCIEnv*)+0x12
V  [libjvm.so+0x9749f2]  JVMCIRuntime::compile_method(JVMCIEnv*, JVMCICompiler*, methodHandle const&, int)+0xd2
V  [libjvm.so+0x5b0d20]  CompileBroker::invoke_compiler_on_method(CompileTask*)+0x1470
V  [libjvm.so+0x5b12e8]  CompileBroker::compiler_thread_loop()+0x528
V  [libjvm.so+0xd82460]  JavaThread::thread_main_inner()+0xd0
V  [libjvm.so+0xd85a40]  Thread::call_run()+0xc0
V  [libjvm.so+0xbdb1e1]  thread_native_entry(Thread*)+0xe1

Register to memory mapping:

RAX=0x00007fa0bdd55000 points into unknown readable memory: 0x0000000000000058 | 58 00 00 00 00 00 00 00
RBX=0x00007fa0bee50398: <offset 0x0000000000ef5398> in /nix/store/gpxl5qgg8kicmcvivwmybwjlpf7wh20l-graalvm17-ce-22.3.0/lib/server/libjvm.so at 0x00007fa0bdf5b000
RCX=0x00007fa0bee081e8: <offset 0x0000000000ead1e8> in /nix/store/gpxl5qgg8kicmcvivwmybwjlpf7wh20l-graalvm17-ce-22.3.0/lib/server/libjvm.so at 0x00007fa0bdf5b000
RDX=0x0000000000000649 is an unknown value
RSP=0x00007fa09e246380 is pointing into the stack for thread: 0x00007fa0b80b21e0
RBP=0x00007fa09e2463a0 is pointing into the stack for thread: 0x00007fa0b80b21e0
RSI=0x00007fa0bee50c48: <offset 0x0000000000ef5c48> in /nix/store/gpxl5qgg8kicmcvivwmybwjlpf7wh20l-graalvm17-ce-22.3.0/lib/server/libjvm.so at 0x00007fa0bdf5b000
RDI=0x00000000e0000000 is an oop: java.lang.String 
{0x00000000e0000000} - klass: 'java/lang/String'
 - string: "org.eclipse.osgi.container.ModuleContainer$ContainerWiring"
R8 =0x00007fa0bee50398: <offset 0x0000000000ef5398> in /nix/store/gpxl5qgg8kicmcvivwmybwjlpf7wh20l-graalvm17-ce-22.3.0/lib/server/libjvm.so at 0x00007fa0bdf5b000
R9 =0x00007fa09e246330 is pointing into the stack for thread: 0x00007fa0b80b21e0
R10=0x00007fa09e247948 is pointing into the stack for thread: 0x00007fa0b80b21e0
R11=0x0000000000000293 is an unknown value
R12=0x0 is NULL
R13=0x00007fa0b80b21e0 is a thread
R14=0x00007fa0b8000b80 points into unknown readable memory: 0x00007fa0bf081a38 | 38 1a 08 bf a0 7f 00 00
R15=0x00007fa0bf18fe40: <offset 0x0000000001234e40> in /nix/store/gpxl5qgg8kicmcvivwmybwjlpf7wh20l-graalvm17-ce-22.3.0/lib/server/libjvm.so at 0x00007fa0bdf5b000


Registers:
RAX=0x00007fa0bdd55000, RBX=0x00007fa0bee50398, RCX=0x00007fa0bee081e8, RDX=0x0000000000000649
RSP=0x00007fa09e246380, RBP=0x00007fa09e2463a0, RSI=0x00007fa0bee50c48, RDI=0x00000000e0000000
R8 =0x00007fa0bee50398, R9 =0x00007fa09e246330, R10=0x00007fa09e247948, R11=0x0000000000000293
R12=0x0000000000000000, R13=0x00007fa0b80b21e0, R14=0x00007fa0b8000b80, R15=0x00007fa0bf18fe40
RIP=0x00007fa0be8cd714, EFLAGS=0x0000000000010206, CSGSFS=0x002b000000000033, ERR=0x0000000000000006
  TRAPNO=0x000000000000000e

Top of Stack: (sp=0x00007fa09e246380)
0x00007fa09e246380:   00007fa09e246940 00007fa0b80b21e0
0x00007fa09e246390:   00007fa0bc6e68c8 0000000800c40dc8
0x00007fa09e2463a0:   00007fa09e246500 00007fa0be8992fe
0x00007fa09e2463b0:   00007fa09e2463e0 00007fa09e246440 

Instructions: (pc=0x00007fa0be8cd714)
0x00007fa0be8cd614:   30 e8 f6 cf e8 ff 4c 89 e7 e8 2e 48 d1 ff 84 db
0x00007fa0be8cd624:   75 2a 4d 85 ed 74 04 4d 8b 6d 00 48 83 c4 08 44
0x00007fa0be8cd634:   89 f9 4c 89 f2 4c 89 ee 5b 4c 89 e7 41 5c 41 5d
0x00007fa0be8cd644:   41 5e 41 5f 5d e9 e2 47 d1 ff 66 90 48 83 c4 08
0x00007fa0be8cd654:   5b 41 5c 41 5d 41 5e 41 5f 5d c3 90 31 d2 be 08
0x00007fa0be8cd664:   00 00 00 4c 89 ff e8 b1 78 a3 ff 49 89 c5 e9 37
0x00007fa0be8cd674:   ff ff ff 66 0f 1f 84 00 00 00 00 00 48 8b 7a 08
0x00007fa0be8cd684:   e9 6d ff ff ff 0f 1f 80 00 00 00 00 e8 5b 48 0a
0x00007fa0be8cd694:   00 84 c0 75 89 e9 6a ff ff ff 66 90 55 48 89 e5
0x00007fa0be8cd6a4:   41 56 41 55 41 54 49 89 fc 53 48 89 f3 66 48 8d
0x00007fa0be8cd6b4:   3d 27 5e 85 00 66 66 48 e8 df 43 8d ff 4c 8b 28
0x00007fa0be8cd6c4:   8b 05 be 72 8a 00 85 c0 75 14 ba 01 00 00 00 48
0x00007fa0be8cd6d4:   8d 0d ae 72 8a 00 f0 0f b1 11 85 c0 74 4e be c8
0x00007fa0be8cd6e4:   00 00 00 4c 89 ef e8 01 0b 41 00 48 8d 05 12 ac
0x00007fa0be8cd6f4:   85 00 49 89 d8 48 8d 0d e8 aa 53 00 ba 49 06 00
0x00007fa0be8cd704:   00 48 8d 35 3c 35 58 00 bf 00 00 00 e0 48 8b 00
0x00007fa0be8cd714:   c6 00 58 31 c0 e8 e2 91 c6 ff 5b 41 5c 41 5d 41
0x00007fa0be8cd724:   5e 5d e9 55 34 26 00 0f 1f 44 00 00 48 8d 05 81
0x00007fa0be8cd734:   a3 8b 00 48 89 df 4c 8b 30 e8 9e 43 8d ff 48 89
0x00007fa0be8cd744:   de 48 89 c2 49 8b 06 4c 89 f7 ff 50 08 4c 89 f7
0x00007fa0be8cd754:   e8 a7 5c 27 00 4d 85 e4 74 12 be 01 00 00 00 4c
0x00007fa0be8cd764:   89 e7 e8 35 43 fc ff eb 82 0f 1f 00 be 01 00 00
0x00007fa0be8cd774:   00 4c 89 ef e8 d3 fd ff ff e9 6d ff ff ff 66 66
0x00007fa0be8cd784:   2e 0f 1f 84 00 00 00 00 00 0f 1f 00 55 48 89 e5
0x00007fa0be8cd794:   41 57 41 56 41 55 41 54 53 48 81 ec 08 02 00 00
0x00007fa0be8cd7a4:   64 48 8b 04 25 28 00 00 00 48 89 45 c8 8b 07 83
0x00007fa0be8cd7b4:   f8 02 0f 84 11 04 00 00 4c 8b 6f 18 49 89 ff 49
0x00007fa0be8cd7c4:   89 f4 4d 85 ed 74 14 4c 89 ef e8 5d 57 22 00 41
0x00007fa0be8cd7d4:   8b 07 83 f8 02 0f 84 19 04 00 00 48 8d 1d 9a 06
0x00007fa0be8cd7e4:   8a 00 4c 8d 35 0b 3c 58 00 eb 38 90 48 85 d2 7f
0x00007fa0be8cd7f4:   0d 48 8d 05 b4 c0 85 00 48 83 38 00 7e 0e 41 8b
0x00007fa0be8cd804:   77 2c 4c 89 f7 31 c0 e8 a0 b2 f7 ff 49 8b 7f 18 


Stack slot to memory mapping:
stack at sp + 0 slots: 0x00007fa09e246940 is pointing into the stack for thread: 0x00007fa0b80b21e0
stack at sp + 1 slots: 0x00007fa0b80b21e0 is a thread
stack at sp + 2 slots: 0x00007fa0bc6e68c8 points into unknown readable memory: 0x65730018e552ffff | ff ff 52 e5 18 00 73 65
stack at sp + 3 slots: 0x0000000800c40dc8 is a pointer to class: 
jdk.vm.ci.services.Services {0x0000000800c40dc8}
 - instance size:     2
 - klass size:        65
 - access:            public final synchronized 
 - state:             fully_initialized
 - name:              'jdk/vm/ci/services/Services'
 - super:             'java/lang/Object'
 - sub:               
 - arrays:            NULL
 - methods:           Array<T>(0x00007fa09ec3d448)
 - method ordering:   Array<T>(0x0000000800928960)
 - default_methods:   Array<T>(0x0000000000000000)
 - local interfaces:  Array<T>(0x00000008005ce810)
 - trans. interfaces: Array<T>(0x00000008005ce810)
 - constants:         constant pool [427] {0x00007fa09ec3c528} for 'jdk/vm/ci/services/Services' cache=0x00007fa09ec3e718
 - class loader data:  loader data: 0x00007fa0b80283f0 of 'bootstrap'
 - source file:       'Services.java'
 - class annotations:       Array<T>(0x0000000000000000)
 - class type annotations:  Array<T>(0x0000000000000000)
 - field annotations:       Array<T>(0x0000000000000000)
 - field type annotations:  Array<T>(0x0000000000000000)
 - inner classes:     Array<T>(0x00007fa09ec3e6e8)
 - nest members:     Array<T>(0x00007fa09ec3e708)
 - permitted subclasses:     Array<T>(0x00000008005ce7a0)
 - java mirror:       a 'java/lang/Class'{0x00000000e017ef80} = 'jdk/vm/ci/services/Services'
 - vtable length      5  (start addr: 0x0000000800c40f98)
 - itable length      2 (start addr: 0x0000000800c40fc0)
 - ---- static fields (3 words):
 - public static final 'IS_BUILDING_NATIVE_IMAGE' 'Z' @128 
 - public static final 'IS_IN_NATIVE_IMAGE' 'Z' @129 
 - private static volatile 'savedProperties' 'Ljava/util/Map;' @112 
 - static final 'JVMCI_ENABLED' 'Z' @130 
 - private static final 'servicesCache' 'Ljava/util/Map;' @116 
 - private static final 'MAX_UNICODE_IN_UTF8_LENGTH' 'I' @120 
 - private static final 'MAX_UTF8_PROPERTY_STRING_LENGTH' 'I' @124 
 - ---- non-static fields (0 words):
 - non-static oop maps: 
stack at sp + 4 slots: 0x00007fa09e246500 is pointing into the stack for thread: 0x00007fa0b80b21e0
stack at sp + 5 slots: 0x00007fa0be8992fe: <offset 0x000000000093e2fe> in /nix/store/gpxl5qgg8kicmcvivwmybwjlpf7wh20l-graalvm17-ce-22.3.0/lib/server/libjvm.so at 0x00007fa0bdf5b000
stack at sp + 6 slots: 0x00007fa09e2463e0 is pointing into the stack for thread: 0x00007fa0b80b21e0
stack at sp + 7 slots: 0x00007fa09e246440 is pointing into the stack for thread: 0x00007fa0b80b21e0


---------------  P R O C E S S  ---------------

Threads class SMR info:
_java_thread_list=0x00007fa020015630, length=26, elements={
0x00007fa0b8026690, 0x00007fa0b80a64d0, 0x00007fa0b80a7910, 0x00007fa0b80ae050,
0x00007fa0b80af400, 0x00007fa0b80b07f0, 0x00007fa0b80b21e0, 0x00007fa0b80b36f0,
0x00007fa0b80b4b40, 0x00007fa0b80e7a60, 0x00007fa0b8130110, 0x00007fa0b8354960,
0x00007fa0b8388290, 0x00007fa0b838a140, 0x00007fa0b8226050, 0x00007fa04c016de0,
0x00007fa04c2a3440, 0x00007fa04c3030a0, 0x00007fa04c4c8870, 0x00007fa04c6477c0,
0x00007fa0400076c0, 0x00007fa0b83b27f0, 0x00007fa0b85e43a0, 0x00007fa020014720,
0x00007fa024197310, 0x00007fa024197b10
}

Java Threads: ( => current thread )
  0x00007fa0b8026690 JavaThread "main" [_thread_blocked, id=34, stack(0x00007fa0bdd76000,0x00007fa0bde76000)]
  0x00007fa0b80a64d0 JavaThread "Reference Handler" daemon [_thread_blocked, id=37, stack(0x00007fa09e92e000,0x00007fa09ea2e000)]
  0x00007fa0b80a7910 JavaThread "Finalizer" daemon [_thread_blocked, id=38, stack(0x00007fa09e82e000,0x00007fa09e92e000)]
  0x00007fa0b80ae050 JavaThread "Signal Dispatcher" daemon [_thread_blocked, id=39, stack(0x00007fa09e448000,0x00007fa09e548000)]
  0x00007fa0b80af400 JavaThread "Service Thread" daemon [_thread_blocked, id=40, stack(0x00007fa09e348000,0x00007fa09e448000)]
  0x00007fa0b80b07f0 JavaThread "Monitor Deflation Thread" daemon [_thread_blocked, id=41, stack(0x00007fa09e248000,0x00007fa09e348000)]
=>0x00007fa0b80b21e0 JavaThread "JVMCI-native CompilerThread0" daemon [_thread_in_vm, id=42, stack(0x00007fa09e048000,0x00007fa09e248000)]
  0x00007fa0b80b36f0 JavaThread "C1 CompilerThread0" daemon [_thread_blocked, id=43, stack(0x00007fa09de48000,0x00007fa09e048000)]
  0x00007fa0b80b4b40 JavaThread "Sweeper thread" daemon [_thread_blocked, id=44, stack(0x00007fa09dd48000,0x00007fa09de48000)]
  0x00007fa0b80e7a60 JavaThread "Common-Cleaner" daemon [_thread_blocked, id=45, stack(0x00007fa09dc48000,0x00007fa09dd48000)]
  0x00007fa0b8130110 JavaThread "Notification Thread" daemon [_thread_blocked, id=46, stack(0x00007fa09db48000,0x00007fa09dc48000)]
  0x00007fa0b8354960 JavaThread "Active Thread: Equinox Container: 5ef0f3a8-c54e-4569-80a6-f09e15a9a467" [_thread_blocked, id=55, stack(0x00007fa09c800000,0x00007fa09c900000)]
  0x00007fa0b8388290 JavaThread "Framework Event Dispatcher: Equinox Container: 5ef0f3a8-c54e-4569-80a6-f09e15a9a467" daemon [_thread_blocked, id=56, stack(0x00007fa09c600000,0x00007fa09c700000)]
  0x00007fa0b838a140 JavaThread "Start Level: Equinox Container: 5ef0f3a8-c54e-4569-80a6-f09e15a9a467" daemon [_thread_blocked, id=57, stack(0x00007fa09c400000,0x00007fa09c500000)]
  0x00007fa0b8226050 JavaThread "Refresh Thread: Equinox Container: 5ef0f3a8-c54e-4569-80a6-f09e15a9a467" daemon [_thread_blocked, id=62, stack(0x00007fa09c200000,0x00007fa09c300000)]
  0x00007fa04c016de0 JavaThread "SCR Component Actor" daemon [_thread_blocked, id=63, stack(0x00007fa09c000000,0x00007fa09c100000)]
  0x00007fa04c2a3440 JavaThread "Worker-JM" [_thread_blocked, id=69, stack(0x00007fa065900000,0x00007fa065a00000)]
  0x00007fa04c3030a0 JavaThread "Worker-0: Java indexing... " [_thread_blocked, id=73, stack(0x00007fa065700000,0x00007fa065800000)]
  0x00007fa04c4c8870 JavaThread "Java indexing" daemon [_thread_blocked, id=89, stack(0x00007fa065400000,0x00007fa065500000)]
  0x00007fa04c6477c0 JavaThread "Bundle File Closer" daemon [_thread_blocked, id=96, stack(0x00007fa065300000,0x00007fa065400000)]
  0x00007fa0400076c0 JavaThread "Worker-2" [_thread_blocked, id=98, stack(0x00007fa065b00000,0x00007fa065c00000)]
  0x00007fa0b83b27f0 JavaThread "pool-3-thread-1" [_thread_blocked, id=102, stack(0x00007fa065100000,0x00007fa065200000)]
  0x00007fa0b85e43a0 JavaThread "pool-2-thread-1" [_thread_blocked, id=107, stack(0x00007fa064f00000,0x00007fa065000000)]
  0x00007fa020014720 JavaThread "Worker-7" [_thread_blocked, id=703, stack(0x00007fa064d00000,0x00007fa064e00000)]
  0x00007fa024197310 JavaThread "Thread-12" [_thread_blocked, id=888, stack(0x00007fa065500000,0x00007fa065600000)]
  0x00007fa024197b10 JavaThread "Thread-13" [_thread_blocked, id=1452, stack(0x00007fa064c00000,0x00007fa064d00000)]

Other Threads:
  0x00007fa0b80a1c10 VMThread "VM Thread" [stack: 0x00007fa09ea30000,0x00007fa09eb30000] [id=36] _threads_hazard_ptr=0x00007fa020015630
  0x00007fa0b8131ea0 WatcherThread [stack: 0x00007fa09da48000,0x00007fa09db48000] [id=47]
  0x00007fa0b803df30 GCTaskThread "GC Thread#0" [stack: 0x00007fa0bd939000,0x00007fa0bda39000] [id=35]

Threads with active compile tasks:
JVMCI-native CompilerThread0   975911 8623       4       org.eclipse.jdt.internal.core.util.Util::indexOfJavaLikeExtension (112 bytes)

VM state: synchronizing (normal execution)

VM Mutex/Monitor currently owned by a thread:  ([mutex/lock_event])
[0x00007fa0b8023840] Threads_lock - owner thread: 0x00007fa0b80a1c10
[0x00007fa0b8023ff0] Heap_lock - owner thread: 0x00007fa04c4c8870

OutOfMemory and StackOverflow Exception counts:
OutOfMemoryError java_heap_errors=5
LinkageErrors=48

Heap address: 0x00000000e0000000, size: 512 MB, Compressed Oops mode: 32-bit

CDS archive(s) mapped at: [0x0000000800000000-0x0000000800bc8000-0x0000000800bc8000), size 12353536, SharedBaseAddress: 0x0000000800000000, ArchiveRelocationMode: 0.
Compressed class space mapped at: 0x0000000800c00000-0x0000000840c00000, reserved size: 1073741824
Narrow klass base: 0x0000000800000000, Narrow klass shift: 0, Narrow klass range: 0x100000000

GC Precious Log:
 CPUs: 8 total, 1 available
 Memory: 1024M
 Large Page Support: Disabled
 NUMA Support: Disabled
 Compressed Oops: Enabled (32-bit)
 Alignments: Space 512K, Generation 512K, Heap 2M
 Heap Min Capacity: 100M
 Heap Initial Capacity: 100M
 Heap Max Capacity: 512M
 Pre-touch: Disabled
 Parallel Workers: 1

Heap:
 PSYoungGen      total 33792K, used 24064K [0x00000000f5580000, 0x00000000f9580000, 0x0000000100000000)
  eden space 24064K, 100% used [0x00000000f5580000,0x00000000f6d00000,0x00000000f6d00000)
  from space 9728K, 0% used [0x00000000f6d00000,0x00000000f6d00000,0x00000000f7680000)
  to   space 18432K, 0% used [0x00000000f8380000,0x00000000f8380000,0x00000000f9580000)
 ParOldGen       total 349696K, used 349695K [0x00000000e0000000, 0x00000000f5580000, 0x00000000f5580000)
  object space 349696K, 99% used [0x00000000e0000000,0x00000000f557fff0,0x00000000f5580000)
 Metaspace       used 56865K, committed 57728K, reserved 1105920K
  class space    used 5616K, committed 5952K, reserved 1048576K

Card table byte_map: [0x00007fa0bda39000,0x00007fa0bdb3a000] _byte_map_base: 0x00007fa0bd339000

Marking Bits: (ParMarkBitMap*) 0x00007fa0bf1894c0
 Begin Bits: [0x00007fa0bc88c000, 0x00007fa0bd08c000)
 End Bits:   [0x00007fa0bd08c000, 0x00007fa0bd88c000)

Polling page: 0x00007fa0bdd53000

Metaspace:

Usage:
  Non-class:     50.05 MB used.
      Class:      5.48 MB used.
       Both:     55.53 MB used.

Virtual space:
  Non-class space:       56.00 MB reserved,      50.56 MB ( 90%) committed,  7 nodes.
      Class space:        1.00 GB reserved,       5.81 MB ( <1%) committed,  1 nodes.
             Both:        1.05 GB reserved,      56.38 MB (  5%) committed. 

Chunk freelists:
   Non-Class:  658.00 KB
       Class:  2.24 MB
        Both:  2.88 MB

MaxMetaspaceSize: unlimited
CompressedClassSpaceSize: 1.00 GB
Initial GC threshold: 21.00 MB
Current GC threshold: 93.88 MB
CDS: on
MetaspaceReclaimPolicy: balanced
 - commit_granule_bytes: 65536.
 - commit_granule_words: 8192.
 - virtual_space_node_default_size: 1048576.
 - enlarge_chunks_in_place: 1.
 - new_chunks_are_fully_committed: 0.
 - uncommit_free_chunks: 1.
 - use_allocation_guard: 0.
 - handle_deallocations: 1.


Internal statistics:

num_allocs_failed_limit: 6.
num_arena_births: 366.
num_arena_deaths: 68.
num_vsnodes_births: 8.
num_vsnodes_deaths: 0.
num_space_committed: 901.
num_space_uncommitted: 0.
num_chunks_returned_to_freelist: 92.
num_chunks_taken_from_freelist: 2516.
num_chunk_merges: 36.
num_chunk_splits: 1656.
num_chunks_enlarged: 1060.
num_purges: 2.
num_inconsistent_stats: 0.

CodeHeap 'non-profiled nmethods': size=120036Kb used=2241Kb max_used=2241Kb free=117794Kb
 bounds [0x00007fa0a6f7a000, 0x00007fa0a71ea000, 0x00007fa0ae4b3000]
CodeHeap 'profiled nmethods': size=120032Kb used=13649Kb max_used=15692Kb free=106382Kb
 bounds [0x00007fa09fa42000, 0x00007fa0a09a2000, 0x00007fa0a6f7a000]
CodeHeap 'non-nmethods': size=5692Kb used=1382Kb max_used=1397Kb free=4309Kb
 bounds [0x00007fa09f4b3000, 0x00007fa09f723000, 0x00007fa09fa42000]
 total_blobs=7004 nmethods=6287 adapters=618
 compilation: enabled
              stopped_count=0, restarted_count=0
 full_count=0

JVMCI Events (20 events):
Event: 608.077 Thread 0x00007fa0b80b21e0 compacted oop handles in JVMCI runtime 0 from 65 to 65
Event: 608.077 Thread 0x00007fa0b80b21e0 releasing handles for JVMCI runtime 0: oop handles=65, metadata handles={total=106, live=104, blocks=36}
Event: 608.077 Thread 0x00007fa0b80b21e0 detached from JVMCI runtime 0
Event: 706.804 Thread 0x00007fa0b80b21e0 attached to JVMCI runtime 0
Event: 706.806 Thread 0x00007fa0b80b21e0 created JavaVM[4]@0x00007fa062e9e340 for JVMCI runtime 0
Event: 708.600 Thread 0x00007fa0b80b21e0 initializing JVMCI runtime 0
Event: 708.600 Thread 0x00007fa0b80b21e0 done waiting for JavaVM references initialization in JVMCI runtime 0
Event: 772.163 Thread 0x00007fa0b80b21e0 initialized JVMCI runtime 0
Event: 786.824 Thread 0x00007fa0b80b21e0 compacted oop handles in JVMCI runtime 0 from 60 to 59
Event: 788.495 Thread 0x00007fa0b80b21e0 detaching from JVMCI runtime 0: releasing idle compiler thread (0 other threads still attached)
Event: 788.495 Thread 0x00007fa0b80b21e0 shutting down HotSpotJVMCIRuntime for JVMCI runtime 0
Event: 788.496 Thread 0x00007fa0b80b21e0 shut down JVMCI runtime 0
Event: 788.499 Thread 0x00007fa0b80b21e0 destroyed JavaVM[4]@0x00007fa062e9e340 for JVMCI runtime 0
Event: 788.499 Thread 0x00007fa0b80b21e0 compacted oop handles in JVMCI runtime 0 from 59 to 59
Event: 788.499 Thread 0x00007fa0b80b21e0 releasing handles for JVMCI runtime 0: oop handles=59, metadata handles={total=96, live=86, blocks=36}
Event: 788.499 Thread 0x00007fa0b80b21e0 detached from JVMCI runtime 0
Event: 944.465 Thread 0x00007fa0b80b21e0 attached to JVMCI runtime 0
Event: 944.466 Thread 0x00007fa0b80b21e0 created JavaVM[5]@0x00007fa062e9e340 for JVMCI runtime 0
Event: 946.308 Thread 0x00007fa0b80b21e0 initializing JVMCI runtime 0
Event: 946.308 Thread 0x00007fa0b80b21e0 done waiting for JavaVM references initialization in JVMCI runtime 0

Compilation events (20 events):
Event: 706.804 Thread 0x00007fa0b80b36f0 8613   !   3       jdk.internal.loader.AbstractClassLoaderValue::get (21 bytes)
Event: 708.601 Thread 0x00007fa0b80b36f0 nmethod 8613 0x00007fa09fc95f90 code [0x00007fa09fc961a0, 0x00007fa09fc96c60]
Event: 786.824 Thread 0x00007fa0b80b21e0 nmethod 8612 0x00007fa0a71a9390 code [0x00007fa0a71a9540, 0x00007fa0a71a9bb8]
Event: 824.006 Thread 0x00007fa0b80b36f0 8614       3       sun.security.provider.SHA::implReset (20 bytes)
Event: 827.474 Thread 0x00007fa0b80b36f0 nmethod 8614 0x00007fa0a056b910 code [0x00007fa0a056bac0, 0x00007fa0a056bc70]
Event: 851.788 Thread 0x00007fa0b80b36f0 8617       3       java.util.concurrent.ThreadPoolExecutor::isShutdown (12 bytes)
Event: 851.789 Thread 0x00007fa0b80b36f0 nmethod 8617 0x00007fa09fba8f10 code [0x00007fa09fba90c0, 0x00007fa09fba92b0]
Event: 851.789 Thread 0x00007fa0b80b36f0 8616       1       org.eclipse.osgi.internal.framework.EquinoxContainer::getStorage (5 bytes)
Event: 851.789 Thread 0x00007fa0b80b36f0 nmethod 8616 0x00007fa0a71aa310 code [0x00007fa0a71aa4a0, 0x00007fa0a71aa570]
Event: 868.858 Thread 0x00007fa0b80b36f0 8618       3       java.util.concurrent.ScheduledThreadPoolExecutor::canRunInCurrentRunState (61 bytes)
Event: 868.859 Thread 0x00007fa0b80b36f0 nmethod 8618 0x00007fa0a044b410 code [0x00007fa0a044b620, 0x00007fa0a044c0c0]
Event: 875.803 Thread 0x00007fa0b80b36f0 8620       3       java.text.MessageFormat::subformat (542 bytes)
Event: 889.958 Thread 0x00007fa0b80b36f0 nmethod 8620 0x00007fa0a04fda90 code [0x00007fa0a04fe0e0, 0x00007fa0a0503f40]
Event: 889.958 Thread 0x00007fa0b80b36f0 8619       3       java.text.MessageFormat::format (12 bytes)
Event: 889.959 Thread 0x00007fa0b80b36f0 nmethod 8619 0x00007fa0a0160390 code [0x00007fa0a0160540, 0x00007fa0a01608e0]
Event: 921.770 Thread 0x00007fa0b80b36f0 8621       3       java.util.concurrent.locks.AbstractQueuedSynchronizer$Node::<init> (5 bytes)
Event: 923.561 Thread 0x00007fa0b80b36f0 nmethod 8621 0x00007fa0a07d9190 code [0x00007fa0a07d9340, 0x00007fa0a07d9490]
Event: 939.384 Thread 0x00007fa0b80b36f0 8622       3       java.net.URI$Parser::parse (243 bytes)
Event: 942.770 Thread 0x00007fa0b80b36f0 nmethod 8622 0x00007fa09fa61610 code [0x00007fa09fa61aa0, 0x00007fa09fa636d0]
Event: 944.465 Thread 0x00007fa0b80b21e0 8623       4       org.eclipse.jdt.internal.core.util.Util::indexOfJavaLikeExtension (112 bytes)

GC Heap History (20 events):
Event: 957.482 GC heap before
{Heap before GC invocations=584 (full 491):
 PSYoungGen      total 33792K, used 24063K [0x00000000f5580000, 0x00000000f9580000, 0x0000000100000000)
  eden space 24064K, 99% used [0x00000000f5580000,0x00000000f6cffff8,0x00000000f6d00000)
  from space 9728K, 0% used [0x00000000f6d00000,0x00000000f6d00000,0x00000000f7680000)
  to   space 18432K, 0% used [0x00000000f8380000,0x00000000f8380000,0x00000000f9580000)
 ParOldGen       total 349696K, used 349695K [0x00000000e0000000, 0x00000000f5580000, 0x00000000f5580000)
  object space 349696K, 99% used [0x00000000e0000000,0x00000000f557fd18,0x00000000f5580000)
 Metaspace       used 56865K, committed 57728K, reserved 1105920K
  class space    used 5616K, committed 5952K, reserved 1048576K
}
Event: 959.330 GC heap after
{Heap after GC invocations=584 (full 491):
 PSYoungGen      total 42496K, used 24063K [0x00000000f5580000, 0x00000000f9580000, 0x0000000100000000)
  eden space 24064K, 99% used [0x00000000f5580000,0x00000000f6cfffd8,0x00000000f6d00000)
  from space 18432K, 0% used [0x00000000f8380000,0x00000000f8380000,0x00000000f9580000)
  to   space 9728K, 0% used [0x00000000f6d00000,0x00000000f6d00000,0x00000000f7680000)
 ParOldGen       total 349696K, used 349695K [0x00000000e0000000, 0x00000000f5580000, 0x00000000f5580000)
  object space 349696K, 99% used [0x00000000e0000000,0x00000000f557fd18,0x00000000f5580000)
 Metaspace       used 56865K, committed 57728K, reserved 1105920K
  class space    used 5616K, committed 5952K, reserved 1048576K
}
Event: 959.332 GC heap before
{Heap before GC invocations=585 (full 492):
 PSYoungGen      total 42496K, used 24063K [0x00000000f5580000, 0x00000000f9580000, 0x0000000100000000)
  eden space 24064K, 99% used [0x00000000f5580000,0x00000000f6cffff8,0x00000000f6d00000)
  from space 18432K, 0% used [0x00000000f8380000,0x00000000f8380000,0x00000000f9580000)
  to   space 9728K, 0% used [0x00000000f6d00000,0x00000000f6d00000,0x00000000f7680000)
 ParOldGen       total 349696K, used 349695K [0x00000000e0000000, 0x00000000f5580000, 0x00000000f5580000)
  object space 349696K, 99% used [0x00000000e0000000,0x00000000f557fd18,0x00000000f5580000)
 Metaspace       used 56865K, committed 57728K, reserved 1105920K
  class space    used 5616K, committed 5952K, reserved 1048576K
}
Event: 961.142 GC heap after
{Heap after GC invocations=585 (full 492):
 PSYoungGen      total 33792K, used 24063K [0x00000000f5580000, 0x00000000f9580000, 0x0000000100000000)
  eden space 24064K, 99% used [0x00000000f5580000,0x00000000f6cfffd8,0x00000000f6d00000)
  from space 9728K, 0% used [0x00000000f6d00000,0x00000000f6d00000,0x00000000f7680000)
  to   space 18432K, 0% used [0x00000000f8380000,0x00000000f8380000,0x00000000f9580000)
 ParOldGen       total 349696K, used 349695K [0x00000000e0000000, 0x00000000f5580000, 0x00000000f5580000)
  object space 349696K, 99% used [0x00000000e0000000,0x00000000f557fd18,0x00000000f5580000)
 Metaspace       used 56865K, committed 57728K, reserved 1105920K
  class space    used 5616K, committed 5952K, reserved 1048576K
}
Event: 961.143 GC heap before
{Heap before GC invocations=586 (full 493):
 PSYoungGen      total 33792K, used 24063K [0x00000000f5580000, 0x00000000f9580000, 0x0000000100000000)
  eden space 24064K, 99% used [0x00000000f5580000,0x00000000f6cffff8,0x00000000f6d00000)
  from space 9728K, 0% used [0x00000000f6d00000,0x00000000f6d00000,0x00000000f7680000)
  to   space 18432K, 0% used [0x00000000f8380000,0x00000000f8380000,0x00000000f9580000)
 ParOldGen       total 349696K, used 349695K [0x00000000e0000000, 0x00000000f5580000, 0x00000000f5580000)
  object space 349696K, 99% used [0x00000000e0000000,0x00000000f557fd18,0x00000000f5580000)
 Metaspace       used 56865K, committed 57728K, reserved 1105920K
  class space    used 5616K, committed 5952K, reserved 1048576K
}
Event: 963.019 GC heap after
{Heap after GC invocations=586 (full 493):
 PSYoungGen      total 42496K, used 24063K [0x00000000f5580000, 0x00000000f9580000, 0x0000000100000000)
  eden space 24064K, 99% used [0x00000000f5580000,0x00000000f6cfffd8,0x00000000f6d00000)
  from space 18432K, 0% used [0x00000000f8380000,0x00000000f8380000,0x00000000f9580000)
  to   space 9728K, 0% used [0x00000000f6d00000,0x00000000f6d00000,0x00000000f7680000)
 ParOldGen       total 349696K, used 349695K [0x00000000e0000000, 0x00000000f5580000, 0x00000000f5580000)
  object space 349696K, 99% used [0x00000000e0000000,0x00000000f557fd18,0x00000000f5580000)
 Metaspace       used 56865K, committed 57728K, reserved 1105920K
  class space    used 5616K, committed 5952K, reserved 1048576K
}
Event: 963.020 GC heap before
{Heap before GC invocations=587 (full 494):
 PSYoungGen      total 42496K, used 24063K [0x00000000f5580000, 0x00000000f9580000, 0x0000000100000000)
  eden space 24064K, 99% used [0x00000000f5580000,0x00000000f6cffff8,0x00000000f6d00000)
  from space 18432K, 0% used [0x00000000f8380000,0x00000000f8380000,0x00000000f9580000)
  to   space 9728K, 0% used [0x00000000f6d00000,0x00000000f6d00000,0x00000000f7680000)
 ParOldGen       total 349696K, used 349695K [0x00000000e0000000, 0x00000000f5580000, 0x00000000f5580000)
  object space 349696K, 99% used [0x00000000e0000000,0x00000000f557fd18,0x00000000f5580000)
 Metaspace       used 56865K, committed 57728K, reserved 1105920K
  class space    used 5616K, committed 5952K, reserved 1048576K
}
Event: 964.907 GC heap after
{Heap after GC invocations=587 (full 494):
 PSYoungGen      total 33792K, used 24063K [0x00000000f5580000, 0x00000000f9580000, 0x0000000100000000)
  eden space 24064K, 99% used [0x00000000f5580000,0x00000000f6cfffd8,0x00000000f6d00000)
  from space 9728K, 0% used [0x00000000f6d00000,0x00000000f6d00000,0x00000000f7680000)
  to   space 18432K, 0% used [0x00000000f8380000,0x00000000f8380000,0x00000000f9580000)
 ParOldGen       total 349696K, used 349695K [0x00000000e0000000, 0x00000000f5580000, 0x00000000f5580000)
  object space 349696K, 99% used [0x00000000e0000000,0x00000000f557fd18,0x00000000f5580000)
 Metaspace       used 56865K, committed 57728K, reserved 1105920K
  class space    used 5616K, committed 5952K, reserved 1048576K
}
Event: 964.908 GC heap before
{Heap before GC invocations=588 (full 495):
 PSYoungGen      total 33792K, used 24063K [0x00000000f5580000, 0x00000000f9580000, 0x0000000100000000)
  eden space 24064K, 99% used [0x00000000f5580000,0x00000000f6cffff8,0x00000000f6d00000)
  from space 9728K, 0% used [0x00000000f6d00000,0x00000000f6d00000,0x00000000f7680000)
  to   space 18432K, 0% used [0x00000000f8380000,0x00000000f8380000,0x00000000f9580000)
 ParOldGen       total 349696K, used 349695K [0x00000000e0000000, 0x00000000f5580000, 0x00000000f5580000)
  object space 349696K, 99% used [0x00000000e0000000,0x00000000f557fd18,0x00000000f5580000)
 Metaspace       used 56865K, committed 57728K, reserved 1105920K
  class space    used 5616K, committed 5952K, reserved 1048576K
}
Event: 966.614 GC heap after
{Heap after GC invocations=588 (full 495):
 PSYoungGen      total 42496K, used 24063K [0x00000000f5580000, 0x00000000f9580000, 0x0000000100000000)
  eden space 24064K, 99% used [0x00000000f5580000,0x00000000f6cfffd8,0x00000000f6d00000)
  from space 18432K, 0% used [0x00000000f8380000,0x00000000f8380000,0x00000000f9580000)
  to   space 9728K, 0% used [0x00000000f6d00000,0x00000000f6d00000,0x00000000f7680000)
 ParOldGen       total 349696K, used 349695K [0x00000000e0000000, 0x00000000f5580000, 0x00000000f5580000)
  object space 349696K, 99% used [0x00000000e0000000,0x00000000f557fd18,0x00000000f5580000)
 Metaspace       used 56865K, committed 57728K, reserved 1105920K
  class space    used 5616K, committed 5952K, reserved 1048576K
}
Event: 966.615 GC heap before
{Heap before GC invocations=589 (full 496):
 PSYoungGen      total 42496K, used 24063K [0x00000000f5580000, 0x00000000f9580000, 0x0000000100000000)
  eden space 24064K, 99% used [0x00000000f5580000,0x00000000f6cffff8,0x00000000f6d00000)
  from space 18432K, 0% used [0x00000000f8380000,0x00000000f8380000,0x00000000f9580000)
  to   space 9728K, 0% used [0x00000000f6d00000,0x00000000f6d00000,0x00000000f7680000)
 ParOldGen       total 349696K, used 349695K [0x00000000e0000000, 0x00000000f5580000, 0x00000000f5580000)
  object space 349696K, 99% used [0x00000000e0000000,0x00000000f557fd18,0x00000000f5580000)
 Metaspace       used 56865K, committed 57728K, reserved 1105920K
  class space    used 5616K, committed 5952K, reserved 1048576K
}
Event: 968.526 GC heap after
{Heap after GC invocations=589 (full 496):
 PSYoungGen      total 33792K, used 24063K [0x00000000f5580000, 0x00000000f9580000, 0x0000000100000000)
  eden space 24064K, 99% used [0x00000000f5580000,0x00000000f6cfffd8,0x00000000f6d00000)
  from space 9728K, 0% used [0x00000000f6d00000,0x00000000f6d00000,0x00000000f7680000)
  to   space 18432K, 0% used [0x00000000f8380000,0x00000000f8380000,0x00000000f9580000)
 ParOldGen       total 349696K, used 349695K [0x00000000e0000000, 0x00000000f5580000, 0x00000000f5580000)
  object space 349696K, 99% used [0x00000000e0000000,0x00000000f557fd18,0x00000000f5580000)
 Metaspace       used 56865K, committed 57728K, reserved 1105920K
  class space    used 5616K, committed 5952K, reserved 1048576K
}
Event: 968.528 GC heap before
{Heap before GC invocations=590 (full 497):
 PSYoungGen      total 33792K, used 24063K [0x00000000f5580000, 0x00000000f9580000, 0x0000000100000000)
  eden space 24064K, 99% used [0x00000000f5580000,0x00000000f6cffff8,0x00000000f6d00000)
  from space 9728K, 0% used [0x00000000f6d00000,0x00000000f6d00000,0x00000000f7680000)
  to   space 18432K, 0% used [0x00000000f8380000,0x00000000f8380000,0x00000000f9580000)
 ParOldGen       total 349696K, used 349695K [0x00000000e0000000, 0x00000000f5580000, 0x00000000f5580000)
  object space 349696K, 99% used [0x00000000e0000000,0x00000000f557fd18,0x00000000f5580000)
 Metaspace       used 56865K, committed 57728K, reserved 1105920K
  class space    used 5616K, committed 5952K, reserved 1048576K
}
Event: 970.409 GC heap after
{Heap after GC invocations=590 (full 497):
 PSYoungGen      total 42496K, used 24063K [0x00000000f5580000, 0x00000000f9580000, 0x0000000100000000)
  eden space 24064K, 99% used [0x00000000f5580000,0x00000000f6cfffd8,0x00000000f6d00000)
  from space 18432K, 0% used [0x00000000f8380000,0x00000000f8380000,0x00000000f9580000)
  to   space 9728K, 0% used [0x00000000f6d00000,0x00000000f6d00000,0x00000000f7680000)
 ParOldGen       total 349696K, used 349695K [0x00000000e0000000, 0x00000000f5580000, 0x00000000f5580000)
  object space 349696K, 99% used [0x00000000e0000000,0x00000000f557fd18,0x00000000f5580000)
 Metaspace       used 56865K, committed 57728K, reserved 1105920K
  class space    used 5616K, committed 5952K, reserved 1048576K
}
Event: 970.409 GC heap before
{Heap before GC invocations=591 (full 498):
 PSYoungGen      total 42496K, used 24063K [0x00000000f5580000, 0x00000000f9580000, 0x0000000100000000)
  eden space 24064K, 99% used [0x00000000f5580000,0x00000000f6cffff0,0x00000000f6d00000)
  from space 18432K, 0% used [0x00000000f8380000,0x00000000f8380000,0x00000000f9580000)
  to   space 9728K, 0% used [0x00000000f6d00000,0x00000000f6d00000,0x00000000f7680000)
 ParOldGen       total 349696K, used 349695K [0x00000000e0000000, 0x00000000f5580000, 0x00000000f5580000)
  object space 349696K, 99% used [0x00000000e0000000,0x00000000f557fd18,0x00000000f5580000)
 Metaspace       used 56865K, committed 57728K, reserved 1105920K
  class space    used 5616K, committed 5952K, reserved 1048576K
}
Event: 972.223 GC heap after
{Heap after GC invocations=591 (full 498):
 PSYoungGen      total 33792K, used 24063K [0x00000000f5580000, 0x00000000f9580000, 0x0000000100000000)
  eden space 24064K, 99% used [0x00000000f5580000,0x00000000f6cffff0,0x00000000f6d00000)
  from space 9728K, 0% used [0x00000000f6d00000,0x00000000f6d00000,0x00000000f7680000)
  to   space 18432K, 0% used [0x00000000f8380000,0x00000000f8380000,0x00000000f9580000)
 ParOldGen       total 349696K, used 349695K [0x00000000e0000000, 0x00000000f5580000, 0x00000000f5580000)
  object space 349696K, 99% used [0x00000000e0000000,0x00000000f557fd18,0x00000000f5580000)
 Metaspace       used 56865K, committed 57728K, reserved 1105920K
  class space    used 5616K, committed 5952K, reserved 1048576K
}
Event: 972.265 GC heap before
{Heap before GC invocations=592 (full 499):
 PSYoungGen      total 33792K, used 24064K [0x00000000f5580000, 0x00000000f9580000, 0x0000000100000000)
  eden space 24064K, 100% used [0x00000000f5580000,0x00000000f6d00000,0x00000000f6d00000)
  from space 9728K, 0% used [0x00000000f6d00000,0x00000000f6d00000,0x00000000f7680000)
  to   space 18432K, 0% used [0x00000000f8380000,0x00000000f8380000,0x00000000f9580000)
 ParOldGen       total 349696K, used 349695K [0x00000000e0000000, 0x00000000f5580000, 0x00000000f5580000)
  object space 349696K, 99% used [0x00000000e0000000,0x00000000f557fde0,0x00000000f5580000)
 Metaspace       used 56865K, committed 57728K, reserved 1105920K
  class space    used 5616K, committed 5952K, reserved 1048576K
}
Event: 974.135 GC heap after
{Heap after GC invocations=592 (full 499):
 PSYoungGen      total 42496K, used 24063K [0x00000000f5580000, 0x00000000f9580000, 0x0000000100000000)
  eden space 24064K, 99% used [0x00000000f5580000,0x00000000f6cfffa0,0x00000000f6d00000)
  from space 18432K, 0% used [0x00000000f8380000,0x00000000f8380000,0x00000000f9580000)
  to   space 9728K, 0% used [0x00000000f6d00000,0x00000000f6d00000,0x00000000f7680000)
 ParOldGen       total 349696K, used 349695K [0x00000000e0000000, 0x00000000f5580000, 0x00000000f5580000)
  object space 349696K, 99% used [0x00000000e0000000,0x00000000f557fcd0,0x00000000f5580000)
 Metaspace       used 56865K, committed 57728K, reserved 1105920K
  class space    used 5616K, committed 5952K, reserved 1048576K
}
Event: 974.135 GC heap before
{Heap before GC invocations=593 (full 500):
 PSYoungGen      total 42496K, used 24063K [0x00000000f5580000, 0x00000000f9580000, 0x0000000100000000)
  eden space 24064K, 99% used [0x00000000f5580000,0x00000000f6cfffa0,0x00000000f6d00000)
  from space 18432K, 0% used [0x00000000f8380000,0x00000000f8380000,0x00000000f9580000)
  to   space 9728K, 0% used [0x00000000f6d00000,0x00000000f6d00000,0x00000000f7680000)
 ParOldGen       total 349696K, used 349695K [0x00000000e0000000, 0x00000000f5580000, 0x00000000f5580000)
  object space 349696K, 99% used [0x00000000e0000000,0x00000000f557fcd0,0x00000000f5580000)
 Metaspace       used 56865K, committed 57728K, reserved 1105920K
  class space    used 5616K, committed 5952K, reserved 1048576K
}
Event: 975.888 GC heap after
{Heap after GC invocations=593 (full 500):
 PSYoungGen      total 33792K, used 24063K [0x00000000f5580000, 0x00000000f9580000, 0x0000000100000000)
  eden space 24064K, 99% used [0x00000000f5580000,0x00000000f6cfffa0,0x00000000f6d00000)
  from space 9728K, 0% used [0x00000000f6d00000,0x00000000f6d00000,0x00000000f7680000)
  to   space 18432K, 0% used [0x00000000f8380000,0x00000000f8380000,0x00000000f9580000)
 ParOldGen       total 349696K, used 349695K [0x00000000e0000000, 0x00000000f5580000, 0x00000000f5580000)
  object space 349696K, 99% used [0x00000000e0000000,0x00000000f557fcd0,0x00000000f5580000)
 Metaspace       used 56865K, committed 57728K, reserved 1105920K
  class space    used 5616K, committed 5952K, reserved 1048576K
}

Dll operation events (9 events):
Event: 0.003 Loaded shared library /nix/store/gpxl5qgg8kicmcvivwmybwjlpf7wh20l-graalvm17-ce-22.3.0/lib/libjava.so
Event: 0.071 Loaded shared library /nix/store/gpxl5qgg8kicmcvivwmybwjlpf7wh20l-graalvm17-ce-22.3.0/lib/libjsvml.so
Event: 0.280 Loaded shared library /nix/store/gpxl5qgg8kicmcvivwmybwjlpf7wh20l-graalvm17-ce-22.3.0/lib/libnio.so
Event: 0.284 Loaded shared library /nix/store/gpxl5qgg8kicmcvivwmybwjlpf7wh20l-graalvm17-ce-22.3.0/lib/libjvmcicompiler.so
Event: 0.365 Loaded shared library /nix/store/gpxl5qgg8kicmcvivwmybwjlpf7wh20l-graalvm17-ce-22.3.0/lib/libzip.so
Event: 0.778 Loaded shared library /nix/store/gpxl5qgg8kicmcvivwmybwjlpf7wh20l-graalvm17-ce-22.3.0/lib/libjimage.so
Event: 1.378 Loaded shared library /nix/store/gpxl5qgg8kicmcvivwmybwjlpf7wh20l-graalvm17-ce-22.3.0/lib/libnet.so
Event: 5.760 Loaded shared library /home/runner/.cache/jdt-language-server/config/org.eclipse.equinox.launcher/org.eclipse.equinox.launcher.gtk.linux.x86_64_1.2.400.v20211117-0650/eclipse_11600.so
Event: 22.069 Loaded shared library /nix/store/gpxl5qgg8kicmcvivwmybwjlpf7wh20l-graalvm17-ce-22.3.0/lib/libextnet.so

Deoptimization events (20 events):
Event: 95.390 Thread 0x00007fa04c4c8870 DEOPT PACKING pc=0x00007fa0a0443edd sp=0x00007fa0654fe530
Event: 95.390 Thread 0x00007fa04c4c8870 DEOPT UNPACKING pc=0x00007fa09f505325 sp=0x00007fa0654fda20 mode 0
Event: 95.398 Thread 0x00007fa04c4c8870 DEOPT PACKING pc=0x00007fa0a0443edd sp=0x00007fa0654fe530
Event: 95.399 Thread 0x00007fa04c4c8870 DEOPT UNPACKING pc=0x00007fa09f505325 sp=0x00007fa0654fda20 mode 0
Event: 95.408 Thread 0x00007fa04c4c8870 DEOPT PACKING pc=0x00007fa0a0443edd sp=0x00007fa0654fe530
Event: 95.408 Thread 0x00007fa04c4c8870 DEOPT UNPACKING pc=0x00007fa09f505325 sp=0x00007fa0654fda20 mode 0
Event: 95.418 Thread 0x00007fa04c4c8870 DEOPT PACKING pc=0x00007fa0a0443e6c sp=0x00007fa0654fe530
Event: 95.418 Thread 0x00007fa04c4c8870 DEOPT UNPACKING pc=0x00007fa09f505325 sp=0x00007fa0654fda20 mode 0
Event: 95.428 Thread 0x00007fa04c4c8870 DEOPT PACKING pc=0x00007fa0a0443edd sp=0x00007fa0654fe530
Event: 95.428 Thread 0x00007fa04c4c8870 DEOPT UNPACKING pc=0x00007fa09f505325 sp=0x00007fa0654fda20 mode 0
Event: 95.435 Thread 0x00007fa04c4c8870 DEOPT PACKING pc=0x00007fa0a0443edd sp=0x00007fa0654fe530
Event: 95.435 Thread 0x00007fa04c4c8870 DEOPT UNPACKING pc=0x00007fa09f505325 sp=0x00007fa0654fda20 mode 0
Event: 374.308 Thread 0x00007fa0b85e43a0 Uncommon trap: trap_request=0xffffffed fr.pc=0x00007fa0a70f7f8e relative=0x000000000000016e
Event: 374.308 Thread 0x00007fa0b85e43a0 Uncommon trap: reason=null_assert_or_unreached0 action=reinterpret pc=0x00007fa0a70f7f8e method=com.google.gson.stream.JsonReader.peek()Lcom/google/gson/stream/JsonToken; @ 14 jvmci
Event: 374.308 Thread 0x00007fa0b85e43a0 DEOPT PACKING pc=0x00007fa0a70f7f8e sp=0x00007fa064ffddc0
Event: 374.308 Thread 0x00007fa0b85e43a0 DEOPT UNPACKING pc=0x00007fa09f505325 sp=0x00007fa064ffd260 mode 3
Event: 500.180 Thread 0x00007fa0b80b21e0 Uncommon trap: trap_request=0xffffffcd fr.pc=0x00007fa0a712f986 relative=0x00000000000004c6
Event: 500.180 Thread 0x00007fa0b80b21e0 Uncommon trap: reason=intrinsic_or_type_checked_inlining action=reinterpret pc=0x00007fa0a712f986 method=java.io.DataOutputStream.writeInt(I)V @ 0 jvmci
Event: 500.180 Thread 0x00007fa0b80b21e0 DEOPT PACKING pc=0x00007fa0a712f986 sp=0x00007fa09e246000
Event: 500.180 Thread 0x00007fa0b80b21e0 DEOPT UNPACKING pc=0x00007fa09f505325 sp=0x00007fa09e2454d8 mode 3

Classes unloaded (20 events):
Event: 106.431 Thread 0x00007fa0b80a1c10 Unloading class 0x0000000800f04000 'jdk/internal/reflect/GeneratedConstructorAccessor10'
Event: 106.431 Thread 0x00007fa0b80a1c10 Unloading class 0x0000000800d99000 'java/lang/invoke/LambdaForm$MH+0x0000000800d99000'
Event: 106.431 Thread 0x00007fa0b80a1c10 Unloading class 0x0000000800d98c00 'java/lang/invoke/LambdaForm$MH+0x0000000800d98c00'
Event: 106.431 Thread 0x00007fa0b80a1c10 Unloading class 0x0000000800d98800 'java/lang/invoke/LambdaForm$MH+0x0000000800d98800'
Event: 106.431 Thread 0x00007fa0b80a1c10 Unloading class 0x0000000800d98400 'java/lang/invoke/LambdaForm$MH+0x0000000800d98400'
Event: 106.431 Thread 0x00007fa0b80a1c10 Unloading class 0x0000000800d98000 'jdk/internal/reflect/GeneratedConstructorAccessor3'
Event: 106.431 Thread 0x00007fa0b80a1c10 Unloading class 0x0000000800d06800 'java/lang/invoke/LambdaForm$MH+0x0000000800d06800'
Event: 106.431 Thread 0x00007fa0b80a1c10 Unloading class 0x0000000800d06000 'java/lang/invoke/LambdaForm$MH+0x0000000800d06000'
Event: 106.431 Thread 0x00007fa0b80a1c10 Unloading class 0x0000000800d05c00 'java/lang/invoke/LambdaForm$MH+0x0000000800d05c00'
Event: 106.431 Thread 0x00007fa0b80a1c10 Unloading class 0x0000000800d05800 'java/lang/invoke/LambdaForm$MH+0x0000000800d05800'
Event: 106.431 Thread 0x00007fa0b80a1c10 Unloading class 0x0000000800d05000 'java/lang/invoke/LambdaForm$MH+0x0000000800d05000'
Event: 106.431 Thread 0x00007fa0b80a1c10 Unloading class 0x0000000800d04c00 'java/lang/invoke/LambdaForm$MH+0x0000000800d04c00'
Event: 106.431 Thread 0x00007fa0b80a1c10 Unloading class 0x0000000800d04800 'java/lang/invoke/LambdaForm$MH+0x0000000800d04800'
Event: 106.431 Thread 0x00007fa0b80a1c10 Unloading class 0x0000000800d04000 'java/lang/invoke/LambdaForm$MH+0x0000000800d04000'
Event: 106.431 Thread 0x00007fa0b80a1c10 Unloading class 0x0000000800c1d000 'jdk/internal/reflect/GeneratedMethodAccessor5'
Event: 106.431 Thread 0x00007fa0b80a1c10 Unloading class 0x0000000800c1cc00 'jdk/internal/reflect/GeneratedMethodAccessor4'
Event: 106.431 Thread 0x00007fa0b80a1c10 Unloading class 0x0000000800c1c800 'jdk/internal/reflect/GeneratedMethodAccessor3'
Event: 106.431 Thread 0x00007fa0b80a1c10 Unloading class 0x0000000800c1c400 'jdk/internal/reflect/GeneratedMethodAccessor2'
Event: 106.431 Thread 0x00007fa0b80a1c10 Unloading class 0x0000000800c1c000 'jdk/internal/reflect/GeneratedMethodAccessor1'
Event: 106.431 Thread 0x00007fa0b80a1c10 Unloading class 0x0000000800c01c00 'java/lang/invoke/LambdaForm$DMH+0x0000000800c01c00'

Classes redefined (0 events):
No events

Internal exceptions (20 events):
Event: 59.977 Thread 0x00007fa024172a10 Exception <a 'java/lang/NoSuchMethodError'{0x00000000f6d1bc08}: 'void java.lang.invoke.DirectMethodHandle$Holder.invokeSpecial(java.lang.Object, java.lang.Object, int)'> (0x00000000f6d1bc08) 
thrown [src/hotspot/share/interpreter/linkResolver.cpp, line 758]
Event: 61.368 Thread 0x00007fa02419fc80 Exception <a 'java/lang/NoSuchMethodError'{0x00000000f6b3a248}: 'int java.lang.invoke.DirectMethodHandle$Holder.invokeSpecialIFC(java.lang.Object, java.lang.Object, java.lang.Object, java.lang.Object)'> (0x00000000f6b3a248) 
thrown [src/hotspot/share/interpreter/linkResolver.cpp, line 758]
Event: 65.464 Thread 0x00007fa024197b10 Exception <a 'java/lang/ArrayIndexOutOfBoundsException'{0x00000000f594a710}> (0x00000000f594a710) 
thrown [src/hotspot/share/runtime/sharedRuntime.cpp, line 628]
Event: 65.677 Thread 0x00007fa024197b10 Exception <a 'java/lang/ArrayIndexOutOfBoundsException'{0x00000000f614f4b0}> (0x00000000f614f4b0) 
thrown [src/hotspot/share/runtime/sharedRuntime.cpp, line 628]
Event: 67.621 Thread 0x00007fa024197310 Exception <a 'java/lang/ArrayIndexOutOfBoundsException'{0x00000000f6b1e710}> (0x00000000f6b1e710) 
thrown [src/hotspot/share/runtime/sharedRuntime.cpp, line 628]
Event: 67.886 Thread 0x00007fa024197310 Exception <a 'java/lang/ArrayIndexOutOfBoundsException'{0x00000000f580c358}> (0x00000000f580c358) 
thrown [src/hotspot/share/runtime/sharedRuntime.cpp, line 628]
Event: 67.886 Thread 0x00007fa024197310 Exception <a 'java/lang/ArrayIndexOutOfBoundsException'{0x00000000f580c678}> (0x00000000f580c678) 
thrown [src/hotspot/share/runtime/sharedRuntime.cpp, line 628]
Event: 67.886 Thread 0x00007fa024197310 Exception <a 'java/lang/ArrayIndexOutOfBoundsException'{0x00000000f580c998}> (0x00000000f580c998) 
thrown [src/hotspot/share/runtime/sharedRuntime.cpp, line 628]
Event: 67.886 Thread 0x00007fa024197310 Exception <a 'java/lang/ArrayIndexOutOfBoundsException'{0x00000000f580ccb8}> (0x00000000f580ccb8) 
thrown [src/hotspot/share/runtime/sharedRuntime.cpp, line 628]
Event: 67.886 Thread 0x00007fa024197310 Exception <a 'java/lang/ArrayIndexOutOfBoundsException'{0x00000000f580cfd8}: Index 1 out of bounds for length 1> (0x00000000f580cfd8) 
thrown [src/hotspot/share/interpreter/interpreterRuntime.cpp, line 428]
Event: 67.886 Thread 0x00007fa024197310 Exception <a 'java/lang/ArrayIndexOutOfBoundsException'{0x00000000f580d2f8}> (0x00000000f580d2f8) 
thrown [src/hotspot/share/runtime/sharedRuntime.cpp, line 628]
Event: 67.886 Thread 0x00007fa024197310 Exception <a 'java/lang/ArrayIndexOutOfBoundsException'{0x00000000f58f6830}> (0x00000000f58f6830) 
thrown [src/hotspot/share/runtime/sharedRuntime.cpp, line 628]
Event: 67.886 Thread 0x00007fa024197310 Exception <a 'java/lang/ArrayIndexOutOfBoundsException'{0x00000000f58f6b50}> (0x00000000f58f6b50) 
thrown [src/hotspot/share/runtime/sharedRuntime.cpp, line 628]
Event: 67.886 Thread 0x00007fa024197310 Exception <a 'java/lang/ArrayIndexOutOfBoundsException'{0x00000000f58f6e70}> (0x00000000f58f6e70) 
thrown [src/hotspot/share/runtime/sharedRuntime.cpp, line 628]
Event: 67.886 Thread 0x00007fa024197310 Exception <a 'java/lang/ArrayIndexOutOfBoundsException'{0x00000000f58f7190}> (0x00000000f58f7190) 
thrown [src/hotspot/share/runtime/sharedRuntime.cpp, line 628]
Event: 802.578 Thread 0x00007fa028005c70 Exception <a 'java/lang/OutOfMemoryError'{0x00000000e000fa18}> (0x00000000e000fa18) 
thrown [src/hotspot/share/gc/shared/memAllocator.cpp, line 136]
Event: 855.004 Thread 0x00007fa028005c70 Exception <a 'java/lang/OutOfMemoryError'{0x00000000e000fce8}> (0x00000000e000fce8) 
thrown [src/hotspot/share/gc/shared/memAllocator.cpp, line 136]
Event: 884.493 Thread 0x00007fa028005c70 Exception <a 'java/lang/OutOfMemoryError'{0x00000000e00102d8}> (0x00000000e00102d8) 
thrown [src/hotspot/share/gc/shared/memAllocator.cpp, line 136]
Event: 907.821 Thread 0x00007fa0b85e43a0 Exception <a 'java/lang/OutOfMemoryError'{0x00000000e0010008}> (0x00000000e0010008) 
thrown [src/hotspot/share/gc/shared/memAllocator.cpp, line 136]
Event: 975.888 Thread 0x00007fa0b80b21e0 Exception <a 'java/lang/OutOfMemoryError'{0x00000000e0010008}> (0x00000000e0010008) 
thrown [src/hotspot/share/gc/shared/memAllocator.cpp, line 136]

VM Operations (20 events):
Event: 957.481 Executing VM operation: ParallelGCFailedAllocation done
Event: 957.481 Executing VM operation: ParallelGCFailedAllocation
Event: 959.330 Executing VM operation: ParallelGCFailedAllocation done
Event: 959.330 Executing VM operation: ParallelGCFailedAllocation
Event: 961.142 Executing VM operation: ParallelGCFailedAllocation done
Event: 961.142 Executing VM operation: ParallelGCFailedAllocation
Event: 963.019 Executing VM operation: ParallelGCFailedAllocation done
Event: 963.019 Executing VM operation: ParallelGCFailedAllocation
Event: 964.907 Executing VM operation: ParallelGCFailedAllocation done
Event: 964.908 Executing VM operation: ParallelGCFailedAllocation
Event: 966.614 Executing VM operation: ParallelGCFailedAllocation done
Event: 966.614 Executing VM operation: ParallelGCFailedAllocation
Event: 968.526 Executing VM operation: ParallelGCFailedAllocation done
Event: 968.528 Executing VM operation: ParallelGCFailedAllocation
Event: 970.409 Executing VM operation: ParallelGCFailedAllocation done
Event: 970.409 Executing VM operation: ParallelGCFailedAllocation
Event: 972.223 Executing VM operation: ParallelGCFailedAllocation done
Event: 972.262 Executing VM operation: ParallelGCFailedAllocation
Event: 975.888 Executing VM operation: ParallelGCFailedAllocation done
Event: 975.889 Executing VM operation: ParallelGCFailedAllocation

Events (20 events):
Event: 374.308 Thread 0x00007fa020014720 Thread added: 0x00007fa020014720
Event: 374.308 Protecting memory [0x00007fa064d00000,0x00007fa064d04000] with protection modes 0
Event: 483.641 Thread 0x00007fa024197310 Thread added: 0x00007fa024197310
Event: 483.642 Protecting memory [0x00007fa065500000,0x00007fa065504000] with protection modes 0
Event: 530.381 Thread 0x00007fa020013aa0 Thread exited: 0x00007fa020013aa0
Event: 802.578 loading class java/net/UnknownServiceException
Event: 802.578 loading class java/net/UnknownServiceException done
Event: 802.578 loading class javax/xml/parsers/ParserConfigurationException
Event: 802.578 loading class javax/xml/parsers/ParserConfigurationException done
Event: 802.578 loading class javax/xml/transform/TransformerException
Event: 802.578 loading class javax/xml/transform/TransformerException done
Event: 808.018 loading class java/lang/AssertionError
Event: 808.019 loading class java/lang/AssertionError done
Event: 820.476 Thread 0x00007fa024197b10 Thread added: 0x00007fa024197b10
Event: 820.476 Protecting memory [0x00007fa064c00000,0x00007fa064c04000] with protection modes 0
Event: 884.493 loading class java/lang/Throwable$WrappedPrintStream
Event: 884.494 loading class java/lang/Throwable$PrintStreamOrWriter
Event: 884.494 loading class java/lang/Throwable$PrintStreamOrWriter done
Event: 884.494 loading class java/lang/Throwable$WrappedPrintStream done
Event: 884.494 Thread 0x00007fa028005c70 Thread exited: 0x00007fa028005c70


Dynamic libraries:
e0000000-f5580000 rw-p 00000000 00:00 0 
f5580000-f9580000 rw-p 00000000 00:00 0 
f9580000-100000000 ---p 00000000 00:00 0 
800000000-800449000 rw-p 00001000 00:1503 9223372037562745673            /nix/store/gpxl5qgg8kicmcvivwmybwjlpf7wh20l-graalvm17-ce-22.3.0/lib/server/classes.jsa
800449000-800bc8000 r--p 0044a000 00:1503 9223372037562745673            /nix/store/gpxl5qgg8kicmcvivwmybwjlpf7wh20l-graalvm17-ce-22.3.0/lib/server/classes.jsa
800bc8000-800c00000 ---p 00000000 00:00 0 
800c00000-800c20000 rw-p 00000000 00:00 0 
800c20000-800c40000 rw-p 00000000 00:00 0 
800c40000-800cc0000 rw-p 00000000 00:00 0 
800cc0000-800d00000 rw-p 00000000 00:00 0 
800d00000-800dc0000 rw-p 00000000 00:00 0 
800dc0000-800e00000 rw-p 00000000 00:00 0 
800e00000-800f40000 rw-p 00000000 00:00 0 
800f40000-800fc0000 rw-p 00000000 00:00 0 
800fc0000-801000000 rw-p 00000000 00:00 0 
801000000-8011d0000 rw-p 00000000 00:00 0 
8011d0000-840c00000 ---p 00000000 00:00 0 
562f74142000-562f74143000 r-xp 00000000 00:1503 9223372037526805748      /nix/store/gpxl5qgg8kicmcvivwmybwjlpf7wh20l-graalvm17-ce-22.3.0/bin/.java-wrapped
562f74144000-562f74145000 r--p 00001000 00:1503 9223372037526805748      /nix/store/gpxl5qgg8kicmcvivwmybwjlpf7wh20l-graalvm17-ce-22.3.0/bin/.java-wrapped
562f74145000-562f74146000 rw-p 00002000 00:1503 9223372037526805748      /nix/store/gpxl5qgg8kicmcvivwmybwjlpf7wh20l-graalvm17-ce-22.3.0/bin/.java-wrapped
562f74146000-562f74147000 rw-p 00004000 00:1503 9223372037526805748      /nix/store/gpxl5qgg8kicmcvivwmybwjlpf7wh20l-graalvm17-ce-22.3.0/bin/.java-wrapped
562f74147000-562f74148000 rw-p 00005000 00:1503 9223372037526805748      /nix/store/gpxl5qgg8kicmcvivwmybwjlpf7wh20l-graalvm17-ce-22.3.0/bin/.java-wrapped
562f74da9000-562f74df1000 rw-p 00000000 00:00 0                          [heap]
7fa004000000-7fa0040d9000 rw-p 00000000 00:00 0 
7fa0040d9000-7fa008000000 ---p 00000000 00:00 0 
7fa00c000000-7fa00c125000 rw-p 00000000 00:00 0 
7fa00c125000-7fa010000000 ---p 00000000 00:00 0 
7fa011400000-7fa011460000 rw-p 00000000 00:00 0 
7fa011460000-7fa011c00000 rw-p 00000000 00:00 0 
7fa011cb3000-7fa01b800000 r--s 00000000 00:1503 9223372037562580485      /nix/store/gpxl5qgg8kicmcvivwmybwjlpf7wh20l-graalvm17-ce-22.3.0/lib/modules
7fa01b800000-7fa01bd80000 rw-p 00000000 00:00 0 
7fa01bd80000-7fa01be00000 rw-p 00000000 00:00 0 
7fa01be00000-7fa01c000000 rw-p 00000000 00:00 0 
7fa01c000000-7fa01c136000 rw-p 00000000 00:00 0 
7fa01c136000-7fa020000000 ---p 00000000 00:00 0 
7fa020000000-7fa02002c000 rw-p 00000000 00:00 0 
7fa02002c000-7fa024000000 ---p 00000000 00:00 0 
7fa024000000-7fa02421c000 rw-p 00000000 00:00 0 
7fa02421c000-7fa028000000 ---p 00000000 00:00 0 
7fa028000000-7fa028021000 rw-p 00000000 00:00 0 
7fa028021000-7fa02c000000 ---p 00000000 00:00 0 
7fa02c000000-7fa02c021000 rw-p 00000000 00:00 0 
7fa02c021000-7fa030000000 ---p 00000000 00:00 0 
7fa030000000-7fa030021000 rw-p 00000000 00:00 0 
7fa030021000-7fa034000000 ---p 00000000 00:00 0 
7fa034000000-7fa034306000 rw-p 00000000 00:00 0 
7fa034306000-7fa038000000 ---p 00000000 00:00 0 
7fa038000000-7fa03809c000 rw-p 00000000 00:00 0 
7fa03809c000-7fa03c000000 ---p 00000000 00:00 0 
7fa03c000000-7fa03c021000 rw-p 00000000 00:00 0 
7fa03c021000-7fa040000000 ---p 00000000 00:00 0 
7fa040000000-7fa040041000 rw-p 00000000 00:00 0 
7fa040041000-7fa044000000 ---p 00000000 00:00 0 
7fa044000000-7fa044021000 rw-p 00000000 00:00 0 
7fa044021000-7fa048000000 ---p 00000000 00:00 0 
7fa048000000-7fa0480fa000 rw-p 00000000 00:00 0 
7fa0480fa000-7fa04c000000 ---p 00000000 00:00 0 
7fa04c000000-7fa04c912000 rw-p 00000000 00:00 0 
7fa04c912000-7fa050000000 ---p 00000000 00:00 0 
7fa050000000-7fa050025000 rw-p 00000000 00:00 0 
7fa050025000-7fa054000000 ---p 00000000 00:00 0 
7fa054000000-7fa054021000 rw-p 00000000 00:00 0 
7fa054021000-7fa058000000 ---p 00000000 00:00 0 
7fa058000000-7fa058021000 rw-p 00000000 00:00 0 
7fa058021000-7fa05c000000 ---p 00000000 00:00 0 
7fa05c000000-7fa05c038000 rw-p 00000000 00:00 0 
7fa05c038000-7fa060000000 ---p 00000000 00:00 0 
7fa060000000-7fa0600c0000 rw-p 00000000 00:00 0 
7fa0600c0000-7fa060100000 rw-p 00000000 00:00 0 
7fa060100000-7fa060300000 rw-p 00000000 00:00 0 
7fa060300000-7fa0603e0000 rw-p 00000000 00:00 0 
7fa0603e0000-7fa060500000 rw-p 00000000 00:00 0 
7fa060500000-7fa060600000 rw-p 00000000 00:00 0 
7fa060600000-7fa060700000 rw-p 00000000 00:00 0 
7fa060700000-7fa060800000 rw-p 00000000 00:00 0 
7fa060800000-7fa060900000 rw-p 00000000 00:00 0 
7fa060900000-7fa060a00000 rw-p 00000000 00:00 0 
7fa060a00000-7fa061000000 rw-p 00000000 00:00 0 
7fa061000000-7fa061100000 rw-p 00000000 00:00 0 
7fa061100000-7fa061200000 rw-p 00000000 00:00 0 
7fa061200000-7fa061700000 rw-p 00000000 00:00 0 
7fa061700000-7fa061800000 rw-p 00000000 00:00 0 
7fa061a00000-7fa061a10000 r-xp 00000000 00:11be 352                      /home/runner/.cache/jdt-language-server/config/org.eclipse.equinox.launcher/org.eclipse.equinox.launcher.gtk.linux.x86_64_1.2.400.v20211117-0650/eclipse_11600.so
7fa061a10000-7fa061c0f000 ---p 00010000 00:11be 352                      /home/runner/.cache/jdt-language-server/config/org.eclipse.equinox.launcher/org.eclipse.equinox.launcher.gtk.linux.x86_64_1.2.400.v20211117-0650/eclipse_11600.so
7fa061c0f000-7fa061c10000 r--p 0000f000 00:11be 352                      /home/runner/.cache/jdt-language-server/config/org.eclipse.equinox.launcher/org.eclipse.equinox.launcher.gtk.linux.x86_64_1.2.400.v20211117-0650/eclipse_11600.so
7fa061c10000-7fa061c11000 rw-p 00010000 00:11be 352                      /home/runner/.cache/jdt-language-server/config/org.eclipse.equinox.launcher/org.eclipse.equinox.launcher.gtk.linux.x86_64_1.2.400.v20211117-0650/eclipse_11600.so
7fa062200000-7fa062300000 ---p 00000000 00:00 0 
7fa062300000-7fa0628af000 r--p 01122000 00:1503 9223372037562577944      /nix/store/gpxl5qgg8kicmcvivwmybwjlpf7wh20l-graalvm17-ce-22.3.0/lib/libjvmcicompiler.so
7fa0628af000-7fa062a00000 r--p 00000000 00:00 0 
7fa062a00000-7fa062a3d000 rw-p 00000000 00:00 0 
7fa062a3d000-7fa062f5d000 rw-p 0185f000 00:1503 9223372037562577944      /nix/store/gpxl5qgg8kicmcvivwmybwjlpf7wh20l-graalvm17-ce-22.3.0/lib/libjvmcicompiler.so
7fa062f5d000-7fa063344000 r--p 01d7f000 00:1503 9223372037562577944      /nix/store/gpxl5qgg8kicmcvivwmybwjlpf7wh20l-graalvm17-ce-22.3.0/lib/libjvmcicompiler.so
7fa063400000-7fa063500000 rw-p 00000000 00:00 0 
7fa063500000-7fa063520000 rw-p 00000000 00:00 0 
7fa063520000-7fa063600000 ---p 00000000 00:00 0 
7fa063600000-7fa063770000 rw-p 00000000 00:00 0 
7fa063770000-7fa063c00000 ---p 00000000 00:00 0 
7fa064900000-7fa064904000 ---p 00000000 00:00 0 
7fa064904000-7fa064a00000 rw-p 00000000 00:00 0 
7fa064b00000-7fa064b04000 ---p 00000000 00:00 0 
7fa064b04000-7fa064c00000 rw-p 00000000 00:00 0 
7fa064c00000-7fa064c04000 ---p 00000000 00:00 0 
7fa064c04000-7fa064d00000 rw-p 00000000 00:00 0 
7fa064d00000-7fa064d04000 ---p 00000000 00:00 0 
7fa064d04000-7fa064e00000 rw-p 00000000 00:00 0 
7fa064f00000-7fa064f04000 ---p 00000000 00:00 0 
7fa064f04000-7fa065000000 rw-p 00000000 00:00 0 
7fa065100000-7fa065104000 ---p 00000000 00:00 0 
7fa065104000-7fa065200000 rw-p 00000000 00:00 0 
7fa065300000-7fa065304000 ---p 00000000 00:00 0 
7fa065304000-7fa065400000 rw-p 00000000 00:00 0 
7fa065400000-7fa065404000 ---p 00000000 00:00 0 
7fa065404000-7fa065500000 rw-p 00000000 00:00 0 
7fa065500000-7fa065504000 ---p 00000000 00:00 0 
7fa065504000-7fa065600000 rw-p 00000000 00:00 0 
7fa065700000-7fa065704000 ---p 00000000 00:00 0 
7fa065704000-7fa065800000 rw-p 00000000 00:00 0 
7fa065900000-7fa065904000 ---p 00000000 00:00 0 
7fa065904000-7fa065a00000 rw-p 00000000 00:00 0 
7fa065b00000-7fa065b04000 ---p 00000000 00:00 0 
7fa065b04000-7fa065c00000 rw-p 00000000 00:00 0 
7fa065c00000-7fa067d6a000 r-xp 00000000 00:1503 9223372037562577944      /nix/store/gpxl5qgg8kicmcvivwmybwjlpf7wh20l-graalvm17-ce-22.3.0/lib/libjvmcicompiler.so
7fa067d6a000-7fa067f69000 ---p 0216a000 00:1503 9223372037562577944      /nix/store/gpxl5qgg8kicmcvivwmybwjlpf7wh20l-graalvm17-ce-22.3.0/lib/libjvmcicompiler.so
7fa067f69000-7fa067f6a000 r--p 02169000 00:1503 9223372037562577944      /nix/store/gpxl5qgg8kicmcvivwmybwjlpf7wh20l-graalvm17-ce-22.3.0/lib/libjvmcicompiler.so
7fa067f6a000-7fa067f6c000 rw-p 0216a000 00:1503 9223372037562577944      /nix/store/gpxl5qgg8kicmcvivwmybwjlpf7wh20l-graalvm17-ce-22.3.0/lib/libjvmcicompiler.so
7fa067f6c000-7fa067f6d000 rw-p 00000000 00:00 0 
7fa067f6d000-7fa067f72000 rw-p 023c3000 00:1503 9223372037562577944      /nix/store/gpxl5qgg8kicmcvivwmybwjlpf7wh20l-graalvm17-ce-22.3.0/lib/libjvmcicompiler.so
7fa068000000-7fa068021000 rw-p 00000000 00:00 0 
7fa068021000-7fa06c000000 ---p 00000000 00:00 0 
7fa06c000000-7fa06c021000 rw-p 00000000 00:00 0 
7fa06c021000-7fa070000000 ---p 00000000 00:00 0 
7fa070000000-7fa070021000 rw-p 00000000 00:00 0 
7fa070021000-7fa074000000 ---p 00000000 00:00 0 
7fa074000000-7fa074021000 rw-p 00000000 00:00 0 
7fa074021000-7fa078000000 ---p 00000000 00:00 0 
7fa078000000-7fa0780ca000 rw-p 00000000 00:00 0 
7fa0780ca000-7fa07c000000 ---p 00000000 00:00 0 
7fa07c000000-7fa07cb5f000 rw-p 00000000 00:00 0 
7fa07cb5f000-7fa080000000 ---p 00000000 00:00 0 
7fa080000000-7fa080021000 rw-p 00000000 00:00 0 
7fa080021000-7fa084000000 ---p 00000000 00:00 0 
7fa084000000-7fa084021000 rw-p 00000000 00:00 0 
7fa084021000-7fa088000000 ---p 00000000 00:00 0 
7fa088000000-7fa088021000 rw-p 00000000 00:00 0 
7fa088021000-7fa08c000000 ---p 00000000 00:00 0 
7fa08c000000-7fa08c021000 rw-p 00000000 00:00 0 
7fa08c021000-7fa090000000 ---p 00000000 00:00 0 
7fa090000000-7fa090021000 rw-p 00000000 00:00 0 
7fa090021000-7fa094000000 ---p 00000000 00:00 0 
7fa094000000-7fa094021000 rw-p 00000000 00:00 0 
7fa094021000-7fa098000000 ---p 00000000 00:00 0 
7fa098000000-7fa098073000 rw-p 00000000 00:00 0 
7fa098073000-7fa09c000000 ---p 00000000 00:00 0 
7fa09c000000-7fa09c004000 ---p 00000000 00:00 0 
7fa09c004000-7fa09c100000 rw-p 00000000 00:00 0 
7fa09c100000-7fa09c104000 ---p 00000000 00:00 0 
7fa09c104000-7fa09c200000 rw-p 00000000 00:00 0 
7fa09c200000-7fa09c204000 ---p 00000000 00:00 0 
7fa09c204000-7fa09c300000 rw-p 00000000 00:00 0 
7fa09c400000-7fa09c404000 ---p 00000000 00:00 0 
7fa09c404000-7fa09c500000 rw-p 00000000 00:00 0 
7fa09c500000-7fa09c504000 ---p 00000000 00:00 0 
7fa09c504000-7fa09c600000 rw-p 00000000 00:00 0 
7fa09c600000-7fa09c604000 ---p 00000000 00:00 0 
7fa09c604000-7fa09c700000 rw-p 00000000 00:00 0 
7fa09c800000-7fa09c804000 ---p 00000000 00:00 0 
7fa09c804000-7fa09c900000 rw-p 00000000 00:00 0 
7fa09d568000-7fa09da00000 rw-p 00000000 00:00 0 
7fa09da46000-7fa09da47000 ---p 00000000 00:00 0 
7fa09da47000-7fa09db48000 rw-p 00000000 00:00 0 
7fa09db48000-7fa09db4c000 ---p 00000000 00:00 0 
7fa09db4c000-7fa09dc48000 rw-p 00000000 00:00 0 
7fa09dc48000-7fa09dc4c000 ---p 00000000 00:00 0 
7fa09dc4c000-7fa09dd48000 rw-p 00000000 00:00 0 
7fa09dd48000-7fa09dd4c000 ---p 00000000 00:00 0 
7fa09dd4c000-7fa09de48000 rw-p 00000000 00:00 0 
7fa09de48000-7fa09de4c000 ---p 00000000 00:00 0 
7fa09de4c000-7fa09e048000 rw-p 00000000 00:00 0 
7fa09e048000-7fa09e04c000 ---p 00000000 00:00 0 
7fa09e04c000-7fa09e248000 rw-p 00000000 00:00 0 
7fa09e248000-7fa09e24c000 ---p 00000000 00:00 0 
7fa09e24c000-7fa09e348000 rw-p 00000000 00:00 0 
7fa09e348000-7fa09e34c000 ---p 00000000 00:00 0 
7fa09e34c000-7fa09e448000 rw-p 00000000 00:00 0 
7fa09e448000-7fa09e44c000 ---p 00000000 00:00 0 
7fa09e44c000-7fa09e548000 rw-p 00000000 00:00 0 
7fa09e548000-7fa09e82e000 r--p 00000000 00:153b 28444448                 /usr/lib/locale/locale-archive
7fa09e82e000-7fa09e832000 ---p 00000000 00:00 0 
7fa09e832000-7fa09e92e000 rw-p 00000000 00:00 0 
7fa09e92e000-7fa09e932000 ---p 00000000 00:00 0 
7fa09e932000-7fa09ea2e000 rw-p 00000000 00:00 0 
7fa09ea2e000-7fa09ea2f000 ---p 00000000 00:00 0 
7fa09ea2f000-7fa09eb30000 rw-p 00000000 00:00 0 
7fa09eb30000-7fa09ebfe000 r-xp 00000000 00:1503 9223372037562577940      /nix/store/gpxl5qgg8kicmcvivwmybwjlpf7wh20l-graalvm17-ce-22.3.0/lib/libjsvml.so
7fa09ebfe000-7fa09ebff000 r--p 000cd000 00:1503 9223372037562577940      /nix/store/gpxl5qgg8kicmcvivwmybwjlpf7wh20l-graalvm17-ce-22.3.0/lib/libjsvml.so
7fa09ebff000-7fa09ec00000 rw-p 000ce000 00:1503 9223372037562577940      /nix/store/gpxl5qgg8kicmcvivwmybwjlpf7wh20l-graalvm17-ce-22.3.0/lib/libjsvml.so
7fa09ec00000-7fa09f000000 rw-p 00000000 00:00 0 
7fa09f000000-7fa09f300000 rw-p 00000000 00:00 0 
7fa09f300000-7fa09f400000 rw-p 00000000 00:00 0 
7fa09f491000-7fa09f495000 ---p 00000000 00:00 0 
7fa09f495000-7fa09f4b3000 rw-p 00000000 00:00 0 
7fa09f4b3000-7fa09f723000 rwxp 00000000 00:00 0 
7fa09f723000-7fa09fa42000 ---p 00000000 00:00 0 
7fa09fa42000-7fa0a09a2000 rwxp 00000000 00:00 0 
7fa0a09a2000-7fa0a6f7a000 ---p 00000000 00:00 0 
7fa0a6f7a000-7fa0a71ea000 rwxp 00000000 00:00 0 
7fa0a71ea000-7fa0ae4b3000 ---p 00000000 00:00 0 
7fa0ae4b3000-7fa0b8000000 r--s 00000000 00:1503 9223372037562580485      /nix/store/gpxl5qgg8kicmcvivwmybwjlpf7wh20l-graalvm17-ce-22.3.0/lib/modules
7fa0b8000000-7fa0b863a000 rw-p 00000000 00:00 0 
7fa0b863a000-7fa0bc000000 ---p 00000000 00:00 0 
7fa0bc019000-7fa0bc01b000 r-xp 00000000 00:1503 9223372037562577921      /nix/store/gpxl5qgg8kicmcvivwmybwjlpf7wh20l-graalvm17-ce-22.3.0/lib/libextnet.so
7fa0bc01b000-7fa0bc01c000 r--p 00001000 00:1503 9223372037562577921      /nix/store/gpxl5qgg8kicmcvivwmybwjlpf7wh20l-graalvm17-ce-22.3.0/lib/libextnet.so
7fa0bc01c000-7fa0bc01d000 rw-p 00002000 00:1503 9223372037562577921      /nix/store/gpxl5qgg8kicmcvivwmybwjlpf7wh20l-graalvm17-ce-22.3.0/lib/libextnet.so
7fa0bc01d000-7fa0bc01e000 rw-p 00004000 00:1503 9223372037562577921      /nix/store/gpxl5qgg8kicmcvivwmybwjlpf7wh20l-graalvm17-ce-22.3.0/lib/libextnet.so
7fa0bc01e000-7fa0bc025000 r-xp 00000000 00:1503 9223372037562580484      /nix/store/gpxl5qgg8kicmcvivwmybwjlpf7wh20l-graalvm17-ce-22.3.0/lib/libzip.so
7fa0bc025000-7fa0bc026000 ---p 00007000 00:1503 9223372037562580484      /nix/store/gpxl5qgg8kicmcvivwmybwjlpf7wh20l-graalvm17-ce-22.3.0/lib/libzip.so
7fa0bc026000-7fa0bc027000 r--p 00007000 00:1503 9223372037562580484      /nix/store/gpxl5qgg8kicmcvivwmybwjlpf7wh20l-graalvm17-ce-22.3.0/lib/libzip.so
7fa0bc027000-7fa0bc028000 rw-p 00008000 00:1503 9223372037562580484      /nix/store/gpxl5qgg8kicmcvivwmybwjlpf7wh20l-graalvm17-ce-22.3.0/lib/libzip.so
7fa0bc028000-7fa0bc02a000 rw-p 0000b000 00:1503 9223372037562580484      /nix/store/gpxl5qgg8kicmcvivwmybwjlpf7wh20l-graalvm17-ce-22.3.0/lib/libzip.so
7fa0bc02a000-7fa0bc03f000 r-xp 00000000 00:1503 9223372037562580474      /nix/store/gpxl5qgg8kicmcvivwmybwjlpf7wh20l-graalvm17-ce-22.3.0/lib/libnet.so
7fa0bc03f000-7fa0bc040000 ---p 00015000 00:1503 9223372037562580474      /nix/store/gpxl5qgg8kicmcvivwmybwjlpf7wh20l-graalvm17-ce-22.3.0/lib/libnet.so
7fa0bc040000-7fa0bc041000 r--p 00015000 00:1503 9223372037562580474      /nix/store/gpxl5qgg8kicmcvivwmybwjlpf7wh20l-graalvm17-ce-22.3.0/lib/libnet.so
7fa0bc041000-7fa0bc042000 rw-p 00016000 00:1503 9223372037562580474      /nix/store/gpxl5qgg8kicmcvivwmybwjlpf7wh20l-graalvm17-ce-22.3.0/lib/libnet.so
7fa0bc042000-7fa0bc045000 rw-p 0001b000 00:1503 9223372037562580474      /nix/store/gpxl5qgg8kicmcvivwmybwjlpf7wh20l-graalvm17-ce-22.3.0/lib/libnet.so
7fa0bc045000-7fa0bc058000 r-xp 00000000 00:1503 9223372037562580475      /nix/store/gpxl5qgg8kicmcvivwmybwjlpf7wh20l-graalvm17-ce-22.3.0/lib/libnio.so
7fa0bc058000-7fa0bc059000 r--p 00012000 00:1503 9223372037562580475      /nix/store/gpxl5qgg8kicmcvivwmybwjlpf7wh20l-graalvm17-ce-22.3.0/lib/libnio.so
7fa0bc059000-7fa0bc05a000 rw-p 00013000 00:1503 9223372037562580475      /nix/store/gpxl5qgg8kicmcvivwmybwjlpf7wh20l-graalvm17-ce-22.3.0/lib/libnio.so
7fa0bc05a000-7fa0bc05f000 rw-p 00019000 00:1503 9223372037562580475      /nix/store/gpxl5qgg8kicmcvivwmybwjlpf7wh20l-graalvm17-ce-22.3.0/lib/libnio.so
7fa0bc05f000-7fa0bd937000 rw-p 00000000 00:00 0 
7fa0bd937000-7fa0bd938000 ---p 00000000 00:00 0 
7fa0bd938000-7fa0bdae3000 rw-p 00000000 00:00 0 
7fa0bdae3000-7fa0bdb04000 rw-p 00000000 00:00 0 
7fa0bdb04000-7fa0bdb39000 ---p 00000000 00:00 0 
7fa0bdb39000-7fa0bdb3f000 rw-p 00000000 00:00 0 
7fa0bdb3f000-7fa0bdc25000 ---p 00000000 00:00 0 
7fa0bdc25000-7fa0bdc44000 rw-p 00000000 00:00 0 
7fa0bdc44000-7fa0bdd10000 ---p 00000000 00:00 0 
7fa0bdd10000-7fa0bdd15000 rw-p 00000000 00:00 0 
7fa0bdd15000-7fa0bdd1c000 ---p 00000000 00:00 0 
7fa0bdd1c000-7fa0bdd40000 r-xp 00000000 00:1503 9223372037562577932      /nix/store/gpxl5qgg8kicmcvivwmybwjlpf7wh20l-graalvm17-ce-22.3.0/lib/libjava.so
7fa0bdd40000-7fa0bdd41000 ---p 00024000 00:1503 9223372037562577932      /nix/store/gpxl5qgg8kicmcvivwmybwjlpf7wh20l-graalvm17-ce-22.3.0/lib/libjava.so
7fa0bdd41000-7fa0bdd42000 r--p 00024000 00:1503 9223372037562577932      /nix/store/gpxl5qgg8kicmcvivwmybwjlpf7wh20l-graalvm17-ce-22.3.0/lib/libjava.so
7fa0bdd42000-7fa0bdd43000 rw-p 00025000 00:1503 9223372037562577932      /nix/store/gpxl5qgg8kicmcvivwmybwjlpf7wh20l-graalvm17-ce-22.3.0/lib/libjava.so
7fa0bdd43000-7fa0bdd44000 rw-p 00000000 00:00 0 
7fa0bdd44000-7fa0bdd4b000 rw-p 0002f000 00:1503 9223372037562577932      /nix/store/gpxl5qgg8kicmcvivwmybwjlpf7wh20l-graalvm17-ce-22.3.0/lib/libjava.so
7fa0bdd4b000-7fa0bdd53000 rw-s 00000000 00:954 347                       /tmp/hsperfdata_runner/27
7fa0bdd53000-7fa0bdd54000 ---p 00000000 00:00 0 
7fa0bdd54000-7fa0bdd55000 r--p 00000000 00:00 0 
7fa0bdd55000-7fa0bdd56000 rwxp 00000000 00:00 0 
7fa0bdd56000-7fa0bdd71000 r-xp 00000000 00:1503 9223372037562577936      /nix/store/gpxl5qgg8kicmcvivwmybwjlpf7wh20l-graalvm17-ce-22.3.0/lib/libjimage.so
7fa0bdd71000-7fa0bdd72000 ---p 0001b000 00:1503 9223372037562577936      /nix/store/gpxl5qgg8kicmcvivwmybwjlpf7wh20l-graalvm17-ce-22.3.0/lib/libjimage.so
7fa0bdd72000-7fa0bdd74000 r--p 0001b000 00:1503 9223372037562577936      /nix/store/gpxl5qgg8kicmcvivwmybwjlpf7wh20l-graalvm17-ce-22.3.0/lib/libjimage.so
7fa0bdd74000-7fa0bdd75000 rw-p 0001d000 00:1503 9223372037562577936      /nix/store/gpxl5qgg8kicmcvivwmybwjlpf7wh20l-graalvm17-ce-22.3.0/lib/libjimage.so
7fa0bdd75000-7fa0bdd76000 rw-p 00024000 00:1503 9223372037562577936      /nix/store/gpxl5qgg8kicmcvivwmybwjlpf7wh20l-graalvm17-ce-22.3.0/lib/libjimage.so
7fa0bdd76000-7fa0bdd7a000 ---p 00000000 00:00 0 
7fa0bdd7a000-7fa0bde76000 rw-p 00000000 00:00 0 
7fa0bde76000-7fa0bde84000 r--p 00000000 00:1503 9223372037455367831      /nix/store/4nlgxhb09sdr51nc9hdm8az5b08vzkgx-glibc-2.35-163/lib/libm.so.6
7fa0bde84000-7fa0bdef7000 r-xp 0000e000 00:1503 9223372037455367831      /nix/store/4nlgxhb09sdr51nc9hdm8az5b08vzkgx-glibc-2.35-163/lib/libm.so.6
7fa0bdef7000-7fa0bdf54000 r--p 00081000 00:1503 9223372037455367831      /nix/store/4nlgxhb09sdr51nc9hdm8az5b08vzkgx-glibc-2.35-163/lib/libm.so.6
7fa0bdf54000-7fa0bdf55000 r--p 000dd000 00:1503 9223372037455367831      /nix/store/4nlgxhb09sdr51nc9hdm8az5b08vzkgx-glibc-2.35-163/lib/libm.so.6
7fa0bdf55000-7fa0bdf56000 rw-p 000de000 00:1503 9223372037455367831      /nix/store/4nlgxhb09sdr51nc9hdm8az5b08vzkgx-glibc-2.35-163/lib/libm.so.6
7fa0bdf56000-7fa0bdf57000 r--p 00000000 00:1503 9223372037455367850      /nix/store/4nlgxhb09sdr51nc9hdm8az5b08vzkgx-glibc-2.35-163/lib/librt.so.1
7fa0bdf57000-7fa0bdf58000 r-xp 00001000 00:1503 9223372037455367850      /nix/store/4nlgxhb09sdr51nc9hdm8az5b08vzkgx-glibc-2.35-163/lib/librt.so.1
7fa0bdf58000-7fa0bdf59000 r--p 00002000 00:1503 9223372037455367850      /nix/store/4nlgxhb09sdr51nc9hdm8az5b08vzkgx-glibc-2.35-163/lib/librt.so.1
7fa0bdf59000-7fa0bdf5a000 r--p 00002000 00:1503 9223372037455367850      /nix/store/4nlgxhb09sdr51nc9hdm8az5b08vzkgx-glibc-2.35-163/lib/librt.so.1
7fa0bdf5a000-7fa0bdf5b000 rw-p 00003000 00:1503 9223372037455367850      /nix/store/4nlgxhb09sdr51nc9hdm8az5b08vzkgx-glibc-2.35-163/lib/librt.so.1
7fa0bdf5b000-7fa0bf06e000 r-xp 00000000 00:1503 9223372037562748770      /nix/store/gpxl5qgg8kicmcvivwmybwjlpf7wh20l-graalvm17-ce-22.3.0/lib/server/libjvm.so
7fa0bf06e000-7fa0bf06f000 ---p 01113000 00:1503 9223372037562748770      /nix/store/gpxl5qgg8kicmcvivwmybwjlpf7wh20l-graalvm17-ce-22.3.0/lib/server/libjvm.so
7fa0bf06f000-7fa0bf124000 r--p 01113000 00:1503 9223372037562748770      /nix/store/gpxl5qgg8kicmcvivwmybwjlpf7wh20l-graalvm17-ce-22.3.0/lib/server/libjvm.so
7fa0bf124000-7fa0bf158000 rw-p 011c8000 00:1503 9223372037562748770      /nix/store/gpxl5qgg8kicmcvivwmybwjlpf7wh20l-graalvm17-ce-22.3.0/lib/server/libjvm.so
7fa0bf158000-7fa0bf1b4000 rw-p 00000000 00:00 0 
7fa0bf1b4000-7fa0bf1dc000 r--p 00000000 00:1503 9223372037455367822      /nix/store/4nlgxhb09sdr51nc9hdm8az5b08vzkgx-glibc-2.35-163/lib/libc.so.6
7fa0bf1dc000-7fa0bf352000 r-xp 00028000 00:1503 9223372037455367822      /nix/store/4nlgxhb09sdr51nc9hdm8az5b08vzkgx-glibc-2.35-163/lib/libc.so.6
7fa0bf352000-7fa0bf3aa000 r--p 0019e000 00:1503 9223372037455367822      /nix/store/4nlgxhb09sdr51nc9hdm8az5b08vzkgx-glibc-2.35-163/lib/libc.so.6
7fa0bf3aa000-7fa0bf3ae000 r--p 001f6000 00:1503 9223372037455367822      /nix/store/4nlgxhb09sdr51nc9hdm8az5b08vzkgx-glibc-2.35-163/lib/libc.so.6
7fa0bf3ae000-7fa0bf3b0000 rw-p 001fa000 00:1503 9223372037455367822      /nix/store/4nlgxhb09sdr51nc9hdm8az5b08vzkgx-glibc-2.35-163/lib/libc.so.6
7fa0bf3b0000-7fa0bf3bf000 rw-p 00000000 00:00 0 
7fa0bf3bf000-7fa0bf3c0000 r--p 00000000 00:1503 9223372037455367827      /nix/store/4nlgxhb09sdr51nc9hdm8az5b08vzkgx-glibc-2.35-163/lib/libdl.so.2
7fa0bf3c0000-7fa0bf3c1000 r-xp 00001000 00:1503 9223372037455367827      /nix/store/4nlgxhb09sdr51nc9hdm8az5b08vzkgx-glibc-2.35-163/lib/libdl.so.2
7fa0bf3c1000-7fa0bf3c2000 r--p 00002000 00:1503 9223372037455367827      /nix/store/4nlgxhb09sdr51nc9hdm8az5b08vzkgx-glibc-2.35-163/lib/libdl.so.2
7fa0bf3c2000-7fa0bf3c3000 r--p 00002000 00:1503 9223372037455367827      /nix/store/4nlgxhb09sdr51nc9hdm8az5b08vzkgx-glibc-2.35-163/lib/libdl.so.2
7fa0bf3c3000-7fa0bf3c4000 rw-p 00003000 00:1503 9223372037455367827      /nix/store/4nlgxhb09sdr51nc9hdm8az5b08vzkgx-glibc-2.35-163/lib/libdl.so.2
7fa0bf3c4000-7fa0bf3c5000 r--p 00000000 00:1503 9223372037455367846      /nix/store/4nlgxhb09sdr51nc9hdm8az5b08vzkgx-glibc-2.35-163/lib/libpthread.so.0
7fa0bf3c5000-7fa0bf3c6000 r-xp 00001000 00:1503 9223372037455367846      /nix/store/4nlgxhb09sdr51nc9hdm8az5b08vzkgx-glibc-2.35-163/lib/libpthread.so.0
7fa0bf3c6000-7fa0bf3c7000 r--p 00002000 00:1503 9223372037455367846      /nix/store/4nlgxhb09sdr51nc9hdm8az5b08vzkgx-glibc-2.35-163/lib/libpthread.so.0
7fa0bf3c7000-7fa0bf3c8000 r--p 00002000 00:1503 9223372037455367846      /nix/store/4nlgxhb09sdr51nc9hdm8az5b08vzkgx-glibc-2.35-163/lib/libpthread.so.0
7fa0bf3c8000-7fa0bf3c9000 rw-p 00003000 00:1503 9223372037455367846      /nix/store/4nlgxhb09sdr51nc9hdm8az5b08vzkgx-glibc-2.35-163/lib/libpthread.so.0
7fa0bf3c9000-7fa0bf3d7000 r-xp 00000000 00:1503 9223372037562577937      /nix/store/gpxl5qgg8kicmcvivwmybwjlpf7wh20l-graalvm17-ce-22.3.0/lib/libjli.so
7fa0bf3d7000-7fa0bf3d8000 ---p 0000e000 00:1503 9223372037562577937      /nix/store/gpxl5qgg8kicmcvivwmybwjlpf7wh20l-graalvm17-ce-22.3.0/lib/libjli.so
7fa0bf3d8000-7fa0bf3d9000 r--p 0000e000 00:1503 9223372037562577937      /nix/store/gpxl5qgg8kicmcvivwmybwjlpf7wh20l-graalvm17-ce-22.3.0/lib/libjli.so
7fa0bf3d9000-7fa0bf3da000 rw-p 0000f000 00:1503 9223372037562577937      /nix/store/gpxl5qgg8kicmcvivwmybwjlpf7wh20l-graalvm17-ce-22.3.0/lib/libjli.so
7fa0bf3da000-7fa0bf3db000 rw-p 00012000 00:1503 9223372037562577937      /nix/store/gpxl5qgg8kicmcvivwmybwjlpf7wh20l-graalvm17-ce-22.3.0/lib/libjli.so
7fa0bf3db000-7fa0bf3de000 r--p 00000000 00:1503 9223372037533597975      /nix/store/026hln0aq1hyshaxsdvhg0kmcm6yf45r-zlib-1.2.13/lib/libz.so.1.2.13
7fa0bf3de000-7fa0bf3f0000 r-xp 00003000 00:1503 9223372037533597975      /nix/store/026hln0aq1hyshaxsdvhg0kmcm6yf45r-zlib-1.2.13/lib/libz.so.1.2.13
7fa0bf3f0000-7fa0bf3f7000 r--p 00015000 00:1503 9223372037533597975      /nix/store/026hln0aq1hyshaxsdvhg0kmcm6yf45r-zlib-1.2.13/lib/libz.so.1.2.13
7fa0bf3f7000-7fa0bf3f8000 r--p 0001b000 00:1503 9223372037533597975      /nix/store/026hln0aq1hyshaxsdvhg0kmcm6yf45r-zlib-1.2.13/lib/libz.so.1.2.13
7fa0bf3f8000-7fa0bf3f9000 rw-p 0001c000 00:1503 9223372037533597975      /nix/store/026hln0aq1hyshaxsdvhg0kmcm6yf45r-zlib-1.2.13/lib/libz.so.1.2.13
7fa0bf3f9000-7fa0bf3fb000 rw-p 00000000 00:00 0 
7fa0bf3fb000-7fa0bf3fd000 r--p 00000000 00:1503 9223372037455367816      /nix/store/4nlgxhb09sdr51nc9hdm8az5b08vzkgx-glibc-2.35-163/lib/ld-linux-x86-64.so.2
7fa0bf3fd000-7fa0bf424000 r-xp 00002000 00:1503 9223372037455367816      /nix/store/4nlgxhb09sdr51nc9hdm8az5b08vzkgx-glibc-2.35-163/lib/ld-linux-x86-64.so.2
7fa0bf424000-7fa0bf430000 r--p 00029000 00:1503 9223372037455367816      /nix/store/4nlgxhb09sdr51nc9hdm8az5b08vzkgx-glibc-2.35-163/lib/ld-linux-x86-64.so.2
7fa0bf430000-7fa0bf432000 r--p 00034000 00:1503 9223372037455367816      /nix/store/4nlgxhb09sdr51nc9hdm8az5b08vzkgx-glibc-2.35-163/lib/ld-linux-x86-64.so.2
7fa0bf432000-7fa0bf434000 rw-p 00036000 00:1503 9223372037455367816      /nix/store/4nlgxhb09sdr51nc9hdm8az5b08vzkgx-glibc-2.35-163/lib/ld-linux-x86-64.so.2
7ffdb8816000-7ffdb883a000 rw-p 00000000 00:00 0                          [stack]
7ffdb89f0000-7ffdb89f4000 r--p 00000000 00:00 0                          [vvar]
7ffdb89f4000-7ffdb89f6000 r-xp 00000000 00:00 0                          [vdso]
ffffffffff600000-ffffffffff601000 --xp 00000000 00:00 0                  [vsyscall]


VM Arguments:
jvm_args: -XX:ThreadPriorityPolicy=1 -XX:+UnlockExperimentalVMOptions -XX:+EnableJVMCIProduct -XX:JVMCIThreadsPerNativeLibraryRuntime=1 -XX:-UnlockExperimentalVMOptions -Declipse.application=org.eclipse.jdt.ls.core.id1 -Dosgi.bundles.defaultStartLevel=4 -Declipse.product=org.eclipse.jdt.ls.core.product -Dlog.level=ALL -Xverify:none -XX:+UseParallelGC -XX:GCTimeRatio=4 -XX:AdaptiveSizePolicyWeight=90 -Dsun.zip.disableMemoryMapping=true -Xmx512m -Xms100m 
java_command: /nix/store/m6gcpi1ii6rghy04cjwjddcavv7i90df-jdt-language-server-1.9.0/share/java/plugins/org.eclipse.equinox.launcher_1.6.400.v20210924-0641.jar --add-modules=ALL-SYSTEM --add-opens java.base/java.util=ALL-UNNAMED --add-opens java.base/java.lang=ALL-UNNAMED -configuration /home/runner/.cache/jdt-language-server/config -data /home/runner/.cache/jdt-language-server/data/home/runner/PalatableInsidiousTrees
java_class_path (initial): /nix/store/m6gcpi1ii6rghy04cjwjddcavv7i90df-jdt-language-server-1.9.0/share/java/plugins/org.eclipse.equinox.launcher_1.6.400.v20210924-0641.jar
Launcher Type: SUN_STANDARD

[Global flags]
    uintx AdaptiveSizePolicyWeight                 = 90                                        {product} {command line}
     intx CICompilerCount                          = 2                                         {product} {ergonomic}
     bool EnableJVMCIProduct                       = true                                {JVMCI product} {jimage}
    uintx GCTimeRatio                              = 4                                         {product} {command line}
   size_t InitialHeapSize                          = 104857600                                 {product} {command line}
     uint JVMCIThreadsPerNativeLibraryRuntime      = 1                                   {JVMCI product} {jimage}
   size_t MaxHeapSize                              = 536870912                                 {product} {command line}
   size_t MaxNewSize                               = 178782208                                 {product} {ergonomic}
   size_t MinHeapDeltaBytes                        = 524288                                    {product} {ergonomic}
   size_t MinHeapSize                              = 104857600                                 {product} {command line}
   size_t NewSize                                  = 34603008                                  {product} {ergonomic}
    uintx NonNMethodCodeHeapSize                   = 5826188                                {pd product} {ergonomic}
    uintx NonProfiledCodeHeapSize                  = 122916026                              {pd product} {ergonomic}
   size_t OldSize                                  = 70254592                                  {product} {ergonomic}
    uintx ProfiledCodeHeapSize                     = 122916026                              {pd product} {ergonomic}
    uintx ReservedCodeCacheSize                    = 251658240                              {pd product} {ergonomic}
     bool SegmentedCodeCache                       = true                                      {product} {ergonomic}
   size_t SoftMaxHeapSize                          = 536870912                              {manageable} {ergonomic}
     intx ThreadPriorityPolicy                     = 1                                         {product} {jimage}
     bool UseCompressedClassPointers               = true                           {product lp64_product} {ergonomic}
     bool UseCompressedOops                        = true                           {product lp64_product} {ergonomic}
     bool UseParallelGC                            = true                                      {product} {command line}

Logging:
Log output configuration:
 #0: stdout all=warning uptime,level,tags
 #1: stderr all=off uptime,level,tags

Environment Variables:
JAVA_HOME=/nix/store/gpxl5qgg8kicmcvivwmybwjlpf7wh20l-graalvm17-ce-22.3.0
PATH=/nix/store/1d6ian3r8kdzspw8hacjhl3xkp40g1lj-binutils-wrapper-2.39/bin:/nix/store/dq0xwmsk1g0i2ayg6pb7y87na2knzylh-gcc-wrapper-11.3.0/bin:/nix/store/bap4d0lpcrhpwmpb8ayjcgkmvfj62lnq-bash-interactive-5.1-p16/bin:/nix/store/pr5n59mb4jzmfx6kanwxly0l07p861fg-patchelf-0.15.0/bin:/nix/store/1gf2flfqnpqbr1b4p4qz2f72y42bs56r-gcc-11.3.0/bin:/nix/store/57xv61c5zi8pphjbcwxxjlgc34p61ic9-glibc-2.35-163-bin/bin:/nix/store/a7gvj343m05j2s32xcnwr35v31ynlypr-coreutils-9.1/bin:/nix/store/039g378vc3pc3dvi9dzdlrd0i4q93qwf-binutils-2.39/bin:/nix/store/gpxl5qgg8kicmcvivwmybwjlpf7wh20l-graalvm17-ce-22.3.0/bin:/nix/store/6z9ag3ihc8mq2hzsw48lhbznvzny65nz-apache-maven-3.8.6/bin:/nix/store/m6gcpi1ii6rghy04cjwjddcavv7i90df-jdt-language-server-1.9.0/bin:/nix/store/84xs5alhs01zrbr4ywm05kxbjbp5590l-java-debug/bin:/nix/store/mydc6f4k2z73xlcz7ilif3v2lcaiqvza-findutils-4.9.0/bin:/nix/store/j9p3g8472iijd50vhdprx0nmk2fqn5gv-diffutils-3.8/bin:/nix/store/89zs7rms6x00xfq4dq6m7mjnhkr8a6r4-gnused-4.8/bin:/nix/store/86bp03jkmsl6f92w0yzg4s59g5mhxwmy-gnugrep-3.7/bin:/nix/store/hwcdqw4jrjnd37wxqgsd47hd0j8bnj09-gawk-5.1.1/bin:/nix/store/cfbhw8r8ags41vwqaz47r583d0p4h4a1-gnutar-1.34/bin:/nix/store/p3m1ndl1lapwrlh698bnb5lvvxh67378-gzip-1.12/bin:/nix/store/a8mhcagrsly7c7mpjrpsnaahk4aax056-bzip2-1.0.8-bin/bin:/nix/store/mblgz65m3zv9x548a3d5m96fj2pbwr09-gnumake-4.3/bin:/nix/store/dsd5gz46hdbdk2rfdimqddhq6m8m8fqs-bash-5.1-p16/bin:/nix/store/v7ljksji50mg3w61dykaa3n3y79n6nil-patch-2.7.6/bin:/nix/store/zlcnmqq14jz5x9439jf937mvayyl63da-xz-5.2.7-bin/bin:/nix/store/y6aj732zm9m87c82fpvf103a1xb22blp-file-5.43/bin:/nix/store/sgqd0ajghcv2axfl1lad0b1alyavp0dc-prybar-elisp-0.0.0-67f7a00/bin:/nix/store/p3hsvljpgs68jqwar41lc0jqhjj734lf-prybar-lua-0.0.0-67f7a00/bin:/nix/store/qzxs2gybds3s9kb1vkaflpgm2nwr85fh-prybar-python3-0.0.0-67f7a00/bin:/nix/store/km94z9mxp8w4m8gxxp5mbfpdf3nkfvd8-prybar-sqlite-0.0.0-67f7a00/bin:/nix/store/2pnc7b76asw0z59c4l6h6qy8arwqrii1-prybar-tcl-0.0.0-67f7a00/bin:/nix/store/hpbvrlwd5viqmvcaisb3x0118i913a9n-st
LD_LIBRARY_PATH=/nix/store/a4pff549sk2idnkpzk5nsfps3mdkdnvm-cups-2.4.2-lib/lib:/nix/store/72mqxxhh3cy5yifh92wh2yb8cl2hikyy-cairo-1.16.0/lib:/nix/store/2k366jrbsra97gjfxwvrhvixjfxdach5-glib-2.74.1/lib:/nix/store/2j2znigd8ak37rlwh9khz0ry3clqlw1l-gtk+3-3.24.34/lib:/nix/store/hisqvx32cd57apbpcsnkpx6k3549wql1-libglvnd-1.4.0/lib:/nix/store/p36pgcv991mq5srvg765b78yqpxvk3qs-mesa-21.3.3-drivers/lib:/nix/store/mav4251if1ahjq5vkpwycyyvnmy459c4-pulseaudio-14.2/lib
DISPLAY=:0
LANG=en_US.UTF-8

Signal Handlers:
   SIGSEGV: crash_handler in libjvm.so, mask=11100100010111111101111111111110, flags=SA_RESTART|SA_SIGINFO
    SIGBUS: crash_handler in libjvm.so, mask=11100100010111111101111111111110, flags=SA_RESTART|SA_SIGINFO
    SIGFPE: crash_handler in libjvm.so, mask=11100100010111111101111111111110, flags=SA_RESTART|SA_SIGINFO
   SIGPIPE: IsolateEnterStub_IgnoreSIGPIPEStartupHook_noopSignalHandler_8f19bff2f35b5f630d83b364d6b2339320d4ec70_216e8361c6bc87a8f89f58cc10d3b2fd4415bf87 in libjvmcicompiler.so, mask=00000000000000000000000000000000, flags=SA_RESTART
  *** Handler was modified!
  *** Expected: javaSignalHandler in libjvm.so, mask=11100100110111111111111111111110, flags=SA_RESTART|SA_SIGINFO
   SIGXFSZ: javaSignalHandler in libjvm.so, mask=11100100010111111101111111111110, flags=SA_RESTART|SA_SIGINFO
    SIGILL: crash_handler in libjvm.so, mask=11100100010111111101111111111110, flags=SA_RESTART|SA_SIGINFO
   SIGUSR2: SR_handler in libjvm.so, mask=00000000000000000000000000000000, flags=SA_RESTART|SA_SIGINFO
    SIGHUP: UserHandler in libjvm.so, mask=11100100010111111101111111111110, flags=SA_RESTART|SA_SIGINFO
    SIGINT: UserHandler in libjvm.so, mask=11100100010111111101111111111110, flags=SA_RESTART|SA_SIGINFO
   SIGTERM: UserHandler in libjvm.so, mask=11100100010111111101111111111110, flags=SA_RESTART|SA_SIGINFO
   SIGQUIT: UserHandler in libjvm.so, mask=11100100010111111101111111111110, flags=SA_RESTART|SA_SIGINFO
  *** Handler was modified!
  *** Expected: javaSignalHandler in libjvm.so, mask=11100100110111111111111111111110, flags=SA_RESTART|SA_SIGINFO
   SIGTRAP: crash_handler in libjvm.so, mask=11100100010111111101111111111110, flags=SA_RESTART|SA_SIGINFO


---------------  S Y S T E M  ---------------

OS:
DISTRIB_ID=Ubuntu
DISTRIB_RELEASE=20.04
DISTRIB_CODENAME=focal
DISTRIB_DESCRIPTION="Ubuntu 20.04.2 LTS"
uname: Linux 5.15.0-1025-gcp #32~20.04.2-Ubuntu SMP Tue Nov 29 08:31:04 UTC 2022 x86_64
OS uptime: 0 days 3:15 hours
libc: glibc 2.35 NPTL 2.35 
rlimit (soft/hard): STACK 8192k/infinity , CORE infinity/infinity , NPROC infinity/infinity , NOFILE 5242/5242 , AS infinity/infinity , CPU infinity/infinity , DATA infinity/infinity , FSIZE infinity/infinity , MEMLOCK 64k/64k
load average: 11.35 15.02 14.74

/proc/meminfo:
MemTotal:       65852732 kB
MemFree:        27810272 kB
MemAvailable:   47520512 kB
Buffers:         1722184 kB
Cached:         16883368 kB
SwapCached:            0 kB
Active:          7127572 kB
Inactive:       27561220 kB
Active(anon):      15104 kB
Inactive(anon): 15495208 kB
Active(file):    7112468 kB
Inactive(file): 12066012 kB
Unevictable:       43352 kB
Mlocked:           43352 kB
SwapTotal:             0 kB
SwapFree:              0 kB
Dirty:             86628 kB
Writeback:             0 kB
AnonPages:      14992360 kB
Mapped:          1701420 kB
Shmem:             33144 kB
KReclaimable:    1258360 kB
Slab:            2361952 kB
SReclaimable:    1258360 kB
SUnreclaim:      1103592 kB
KernelStack:      386672 kB
PageTables:       172804 kB
NFS_Unstable:          0 kB
Bounce:                0 kB
WritebackTmp:          0 kB
CommitLimit:    32926364 kB
Committed_AS:   57536600 kB
VmallocTotal:   34359738367 kB
VmallocUsed:      421480 kB
VmallocChunk:          0 kB
Percpu:            57376 kB
HardwareCorrupted:     0 kB
AnonHugePages:    933888 kB
ShmemHugePages:        0 kB
ShmemPmdMapped:        0 kB
FileHugePages:         0 kB
FilePmdMapped:         0 kB
HugePages_Total:       0
HugePages_Free:        0
HugePages_Rsvd:        0
HugePages_Surp:        0
Hugepagesize:       2048 kB
Hugetlb:               0 kB
DirectMap4k:     3500864 kB
DirectMap2M:    41584640 kB
DirectMap1G:    24117248 kB

/sys/kernel/mm/transparent_hugepage/enabled: always [madvise] never
/sys/kernel/mm/transparent_hugepage/defrag (defrag/compaction efforts parameter): always defer defer+madvise [madvise] never

Process Memory:
Virtual Size: 4523096K (peak: 4608828K)
Resident Set Size: 734164K (peak: 766264K) (anon: 537724K, file: 196440K, shmem: 0K)
Swapped out: 0K
C-Heap outstanding allocations: 41135K, retained: 14196K
glibc malloc tunables: (default)

/proc/sys/kernel/threads-max (system-wide limit on the number of threads): 514406
/proc/sys/vm/max_map_count (maximum number of memory map areas a process may have): 65530
/proc/sys/kernel/pid_max (system-wide limit on number of process identifiers): 4194304

container (cgroup) information:
container_type: cgroupv1
cpu_cpuset_cpus: 2-7
cpu_memory_nodes: 0
active_processor_count: 1
cpu_quota: 50000
cpu_period: 100000
cpu_shares: 512
memory_limit_in_bytes: 1048576 k
memory_and_swap_limit_in_bytes: 1048576 k
memory_soft_limit_in_bytes: 524288 k
memory_usage_in_bytes: 582696 k
memory_max_usage_in_bytes: 605920 k
maximum number of tasks: 1000
current number of tasks: 62

KVM virtualization detected
Steal ticks since vm start: 0
Steal ticks percentage since vm start:  0.000

CPU: total 8 (initial active 1) (8 cores per cpu, 2 threads per core) family 23 model 49 stepping 0 microcode 0x1000065, cx8, cmov, fxsr, ht, mmx, 3dnowpref, sse, sse2, sse3, ssse3, sse4a, sse4.1, sse4.2, popcnt, lzcnt, tsc, tscinvbit, avx, avx2, aes, clmul, bmi1, bmi2, adx, sha, fma, vzeroupper, clflush, clflushopt, hv
CPU Model and flags from /proc/cpuinfo:
model name	: AMD EPYC 7B12
flags		: fpu vme de pse tsc msr pae mce cx8 apic sep mtrr pge mca cmov pat pse36 clflush mmx fxsr sse sse2 ht syscall nx mmxext fxsr_opt pdpe1gb rdtscp lm constant_tsc rep_good nopl nonstop_tsc cpuid extd_apicid tsc_known_freq pni pclmulqdq ssse3 fma cx16 sse4_1 sse4_2 movbe popcnt aes xsave avx f16c rdrand hypervisor lahf_lm cmp_legacy cr8_legacy abm sse4a misalignsse 3dnowprefetch osvw topoext ssbd ibrs ibpb stibp vmmcall fsgsbase tsc_adjust bmi1 avx2 smep bmi2 rdseed adx smap clflushopt clwb sha_ni xsaveopt xsavec xgetbv1 clzero xsaveerptr arat npt nrip_save umip rdpid

Online cpus: 0-7
Offline cpus: 
BIOS frequency limitation: <Not Available>
Frequency switch latency (ns): <Not Available>
Available cpu frequencies: <Not Available>
Current governor: <Not Available>
Core performance/turbo boost: <Not Available>

Memory: 4k page, physical 1048576k(465868k free), swap 0k(0k free)
Page Sizes: 4k

vm_info: OpenJDK 64-Bit Server VM (17.0.5+8-jvmci-22.3-b08) for linux-amd64 JRE (17.0.5+8-jvmci-22.3-b08), built on Oct 19 2022 09:01:27 by "buildslave" with gcc 10.3.0

END.
